{"/home/ubuntu/Poke-Cofre/backend/src/app.ts": {"path":"/home/ubuntu/Poke-Cofre/backend/src/app.ts","statementMap":{"0":{"start":{"line":2,"column":0},"end":{"line":2,"column":30}},"1":{"start":{"line":3,"column":0},"end":{"line":3,"column":56}},"2":{"start":{"line":4,"column":0},"end":{"line":4,"column":52}},"3":{"start":{"line":5,"column":0},"end":{"line":5,"column":48}},"4":{"start":{"line":6,"column":0},"end":{"line":6,"column":52}},"5":{"start":{"line":7,"column":0},"end":{"line":7,"column":46}},"6":{"start":{"line":8,"column":0},"end":{"line":8,"column":44}},"7":{"start":{"line":10,"column":12},"end":{"line":10,"column":21}},"8":{"start":{"line":12,"column":0},"end":{"line":12,"column":24}},"9":{"start":{"line":14,"column":0},"end":{"line":14,"column":41}},"10":{"start":{"line":15,"column":0},"end":{"line":15,"column":36}},"11":{"start":{"line":16,"column":0},"end":{"line":16,"column":33}},"12":{"start":{"line":17,"column":0},"end":{"line":17,"column":36}},"13":{"start":{"line":18,"column":0},"end":{"line":18,"column":29}},"14":{"start":{"line":20,"column":0},"end":{"line":20,"column":18}},"15":{"start":{"line":22,"column":0},"end":{"line":22,"column":19}}},"fnMap":{},"branchMap":{},"s":{"0":4,"1":4,"2":4,"3":4,"4":4,"5":4,"6":4,"7":4,"8":4,"9":4,"10":4,"11":4,"12":4,"13":4,"14":4,"15":4},"f":{},"b":{}}
,"/home/ubuntu/Poke-Cofre/backend/src/config/db.ts": {"path":"/home/ubuntu/Poke-Cofre/backend/src/config/db.ts","statementMap":{"0":{"start":{"line":1,"column":0},"end":{"line":1,"column":38}},"1":{"start":{"line":2,"column":0},"end":{"line":2,"column":33}},"2":{"start":{"line":4,"column":0},"end":{"line":4,"column":16}},"3":{"start":{"line":6,"column":0},"end":{"line":15,"column":1}},"4":{"start":{"line":14,"column":2},"end":{"line":14,"column":92}},"5":{"start":{"line":17,"column":18},"end":{"line":25,"column":2}},"6":{"start":{"line":27,"column":0},"end":{"line":27,"column":25}}},"fnMap":{},"branchMap":{"0":{"loc":{"start":{"line":6,"column":0},"end":{"line":15,"column":1}},"type":"if","locations":[{"start":{"line":6,"column":0},"end":{"line":15,"column":1}}]},"1":{"loc":{"start":{"line":7,"column":2},"end":{"line":12,"column":22}},"type":"binary-expr","locations":[{"start":{"line":7,"column":2},"end":{"line":7,"column":25}},{"start":{"line":8,"column":2},"end":{"line":8,"column":22}},{"start":{"line":9,"column":2},"end":{"line":9,"column":22}},{"start":{"line":10,"column":2},"end":{"line":10,"column":22}},{"start":{"line":11,"column":2},"end":{"line":11,"column":22}},{"start":{"line":12,"column":2},"end":{"line":12,"column":22}}]}},"s":{"0":4,"1":4,"2":4,"3":4,"4":0,"5":4,"6":4},"f":{},"b":{"0":[0],"1":[4,4,4,4,4,4]}}
,"/home/ubuntu/Poke-Cofre/backend/src/config/swagger.ts": {"path":"/home/ubuntu/Poke-Cofre/backend/src/config/swagger.ts","statementMap":{"0":{"start":{"line":1,"column":0},"end":{"line":1,"column":41}},"1":{"start":{"line":2,"column":0},"end":{"line":2,"column":43}},"2":{"start":{"line":5,"column":16},"end":{"line":69,"column":2}},"3":{"start":{"line":71,"column":14},"end":{"line":71,"column":35}},"4":{"start":{"line":73,"column":21},"end":{"line":79,"column":1}},"5":{"start":{"line":74,"column":2},"end":{"line":74,"column":64}},"6":{"start":{"line":75,"column":2},"end":{"line":78,"column":5}},"7":{"start":{"line":76,"column":4},"end":{"line":76,"column":54}},"8":{"start":{"line":77,"column":4},"end":{"line":77,"column":20}},"9":{"start":{"line":81,"column":0},"end":{"line":81,"column":28}}},"fnMap":{"0":{"name":"(anonymous_1)","decl":{"start":{"line":73,"column":21},"end":{"line":73,"column":22}},"loc":{"start":{"line":73,"column":38},"end":{"line":79,"column":1}}},"1":{"name":"(anonymous_2)","decl":{"start":{"line":75,"column":27},"end":{"line":75,"column":28}},"loc":{"start":{"line":75,"column":40},"end":{"line":78,"column":3}}}},"branchMap":{},"s":{"0":4,"1":4,"2":4,"3":4,"4":4,"5":4,"6":4,"7":0,"8":0,"9":4},"f":{"0":4,"1":0},"b":{}}
,"/home/ubuntu/Poke-Cofre/backend/src/controllers/auth.controller.ts": {"path":"/home/ubuntu/Poke-Cofre/backend/src/controllers/auth.controller.ts","statementMap":{"0":{"start":{"line":3,"column":0},"end":{"line":3,"column":null}},"1":{"start":{"line":13,"column":4},"end":{"line":41,"column":5}},"2":{"start":{"line":14,"column":30},"end":{"line":14,"column":38}},"3":{"start":{"line":15,"column":6},"end":{"line":19,"column":7}},"4":{"start":{"line":16,"column":8},"end":{"line":18,"column":63}},"5":{"start":{"line":22,"column":33},"end":{"line":22,"column":64}},"6":{"start":{"line":23,"column":6},"end":{"line":27,"column":7}},"7":{"start":{"line":24,"column":8},"end":{"line":26,"column":70}},"8":{"start":{"line":29,"column":28},"end":{"line":29,"column":65}},"9":{"start":{"line":30,"column":6},"end":{"line":36,"column":9}},"10":{"start":{"line":38,"column":6},"end":{"line":40,"column":65}},"11":{"start":{"line":46,"column":4},"end":{"line":79,"column":5}},"12":{"start":{"line":47,"column":30},"end":{"line":47,"column":38}},"13":{"start":{"line":48,"column":6},"end":{"line":52,"column":7}},"14":{"start":{"line":49,"column":8},"end":{"line":51,"column":63}},"15":{"start":{"line":55,"column":24},"end":{"line":55,"column":55}},"16":{"start":{"line":56,"column":6},"end":{"line":60,"column":7}},"17":{"start":{"line":57,"column":8},"end":{"line":59,"column":57}},"18":{"start":{"line":62,"column":30},"end":{"line":62,"column":75}},"19":{"start":{"line":63,"column":6},"end":{"line":67,"column":7}},"20":{"start":{"line":64,"column":8},"end":{"line":66,"column":57}},"21":{"start":{"line":69,"column":20},"end":{"line":69,"column":63}},"22":{"start":{"line":71,"column":6},"end":{"line":74,"column":9}},"23":{"start":{"line":76,"column":6},"end":{"line":78,"column":57}},"24":{"start":{"line":10,"column":0},"end":{"line":10,"column":13}}},"fnMap":{"0":{"name":"(anonymous_7)","decl":{"start":{"line":12,"column":2},"end":{"line":12,"column":8}},"loc":{"start":{"line":12,"column":51},"end":{"line":42,"column":null}}},"1":{"name":"(anonymous_9)","decl":{"start":{"line":45,"column":2},"end":{"line":45,"column":8}},"loc":{"start":{"line":45,"column":48},"end":{"line":80,"column":null}}}},"branchMap":{"0":{"loc":{"start":{"line":15,"column":6},"end":{"line":19,"column":7}},"type":"if","locations":[{"start":{"line":15,"column":6},"end":{"line":19,"column":7}}]},"1":{"loc":{"start":{"line":15,"column":10},"end":{"line":15,"column":25}},"type":"binary-expr","locations":[{"start":{"line":15,"column":10},"end":{"line":15,"column":15}},{"start":{"line":15,"column":19},"end":{"line":15,"column":25}}]},"2":{"loc":{"start":{"line":23,"column":6},"end":{"line":27,"column":7}},"type":"if","locations":[{"start":{"line":23,"column":6},"end":{"line":27,"column":7}}]},"3":{"loc":{"start":{"line":48,"column":6},"end":{"line":52,"column":7}},"type":"if","locations":[{"start":{"line":48,"column":6},"end":{"line":52,"column":7}}]},"4":{"loc":{"start":{"line":48,"column":10},"end":{"line":48,"column":25}},"type":"binary-expr","locations":[{"start":{"line":48,"column":10},"end":{"line":48,"column":15}},{"start":{"line":48,"column":19},"end":{"line":48,"column":25}}]},"5":{"loc":{"start":{"line":56,"column":6},"end":{"line":60,"column":7}},"type":"if","locations":[{"start":{"line":56,"column":6},"end":{"line":60,"column":7}}]},"6":{"loc":{"start":{"line":63,"column":6},"end":{"line":67,"column":7}},"type":"if","locations":[{"start":{"line":63,"column":6},"end":{"line":67,"column":7}}]}},"s":{"0":4,"1":0,"2":0,"3":0,"4":0,"5":0,"6":0,"7":0,"8":0,"9":0,"10":0,"11":0,"12":0,"13":0,"14":0,"15":0,"16":0,"17":0,"18":0,"19":0,"20":0,"21":0,"22":0,"23":0,"24":4},"f":{"0":0,"1":0},"b":{"0":[0],"1":[0,0],"2":[0],"3":[0],"4":[0,0],"5":[0],"6":[0]}}
,"/home/ubuntu/Poke-Cofre/backend/src/controllers/batalha.controller.ts": {"path":"/home/ubuntu/Poke-Cofre/backend/src/controllers/batalha.controller.ts","statementMap":{"0":{"start":{"line":2,"column":0},"end":{"line":2,"column":61}},"1":{"start":{"line":6,"column":4},"end":{"line":21,"column":5}},"2":{"start":{"line":7,"column":83},"end":{"line":7,"column":91}},"3":{"start":{"line":8,"column":6},"end":{"line":11,"column":7}},"4":{"start":{"line":9,"column":8},"end":{"line":9,"column":80}},"5":{"start":{"line":10,"column":8},"end":{"line":10,"column":15}},"6":{"start":{"line":12,"column":22},"end":{"line":17,"column":8}},"7":{"start":{"line":18,"column":6},"end":{"line":18,"column":36}},"8":{"start":{"line":20,"column":6},"end":{"line":20,"column":80}},"9":{"start":{"line":25,"column":4},"end":{"line":30,"column":5}},"10":{"start":{"line":26,"column":23},"end":{"line":26,"column":76}},"11":{"start":{"line":27,"column":6},"end":{"line":27,"column":25}},"12":{"start":{"line":29,"column":6},"end":{"line":29,"column":65}},"13":{"start":{"line":34,"column":4},"end":{"line":44,"column":5}},"14":{"start":{"line":35,"column":21},"end":{"line":35,"column":31}},"15":{"start":{"line":36,"column":22},"end":{"line":36,"column":61}},"16":{"start":{"line":37,"column":6},"end":{"line":40,"column":7}},"17":{"start":{"line":38,"column":8},"end":{"line":38,"column":66}},"18":{"start":{"line":39,"column":8},"end":{"line":39,"column":15}},"19":{"start":{"line":41,"column":6},"end":{"line":41,"column":24}},"20":{"start":{"line":43,"column":6},"end":{"line":43,"column":64}},"21":{"start":{"line":48,"column":4},"end":{"line":58,"column":5}},"22":{"start":{"line":49,"column":21},"end":{"line":49,"column":31}},"23":{"start":{"line":50,"column":22},"end":{"line":50,"column":60}},"24":{"start":{"line":51,"column":6},"end":{"line":54,"column":7}},"25":{"start":{"line":52,"column":8},"end":{"line":52,"column":66}},"26":{"start":{"line":53,"column":8},"end":{"line":53,"column":15}},"27":{"start":{"line":55,"column":6},"end":{"line":55,"column":29}},"28":{"start":{"line":57,"column":6},"end":{"line":57,"column":65}},"29":{"start":{"line":4,"column":0},"end":{"line":4,"column":13}}},"fnMap":{"0":{"name":"(anonymous_7)","decl":{"start":{"line":5,"column":2},"end":{"line":5,"column":8}},"loc":{"start":{"line":5,"column":49},"end":{"line":22,"column":null}}},"1":{"name":"(anonymous_9)","decl":{"start":{"line":24,"column":2},"end":{"line":24,"column":8}},"loc":{"start":{"line":24,"column":49},"end":{"line":31,"column":null}}},"2":{"name":"(anonymous_11)","decl":{"start":{"line":33,"column":2},"end":{"line":33,"column":8}},"loc":{"start":{"line":33,"column":50},"end":{"line":45,"column":null}}},"3":{"name":"(anonymous_13)","decl":{"start":{"line":47,"column":2},"end":{"line":47,"column":8}},"loc":{"start":{"line":47,"column":49},"end":{"line":59,"column":null}}}},"branchMap":{"0":{"loc":{"start":{"line":8,"column":6},"end":{"line":11,"column":7}},"type":"if","locations":[{"start":{"line":8,"column":6},"end":{"line":11,"column":7}}]},"1":{"loc":{"start":{"line":8,"column":10},"end":{"line":8,"column":84}},"type":"binary-expr","locations":[{"start":{"line":8,"column":10},"end":{"line":8,"column":26}},{"start":{"line":8,"column":30},"end":{"line":8,"column":45}},{"start":{"line":8,"column":49},"end":{"line":8,"column":65}},{"start":{"line":8,"column":69},"end":{"line":8,"column":84}}]},"2":{"loc":{"start":{"line":20,"column":36},"end":{"line":20,"column":76}},"type":"binary-expr","locations":[{"start":{"line":20,"column":36},"end":{"line":20,"column":49}},{"start":{"line":20,"column":53},"end":{"line":20,"column":76}}]},"3":{"loc":{"start":{"line":37,"column":6},"end":{"line":40,"column":7}},"type":"if","locations":[{"start":{"line":37,"column":6},"end":{"line":40,"column":7}}]},"4":{"loc":{"start":{"line":51,"column":6},"end":{"line":54,"column":7}},"type":"if","locations":[{"start":{"line":51,"column":6},"end":{"line":54,"column":7}}]}},"s":{"0":4,"1":0,"2":0,"3":0,"4":0,"5":0,"6":0,"7":0,"8":0,"9":0,"10":0,"11":0,"12":0,"13":0,"14":0,"15":0,"16":0,"17":0,"18":0,"19":0,"20":0,"21":0,"22":0,"23":0,"24":0,"25":0,"26":0,"27":0,"28":0,"29":4},"f":{"0":0,"1":0,"2":0,"3":0},"b":{"0":[0],"1":[0,0,0,0],"2":[0,0],"3":[0],"4":[0]}}
,"/home/ubuntu/Poke-Cofre/backend/src/controllers/party.controller.ts": {"path":"/home/ubuntu/Poke-Cofre/backend/src/controllers/party.controller.ts","statementMap":{"0":{"start":{"line":3,"column":0},"end":{"line":3,"column":57}},"1":{"start":{"line":7,"column":4},"end":{"line":12,"column":5}},"2":{"start":{"line":8,"column":22},"end":{"line":8,"column":72}},"3":{"start":{"line":9,"column":6},"end":{"line":9,"column":24}},"4":{"start":{"line":11,"column":6},"end":{"line":11,"column":64}},"5":{"start":{"line":16,"column":4},"end":{"line":26,"column":5}},"6":{"start":{"line":17,"column":21},"end":{"line":17,"column":31}},"7":{"start":{"line":18,"column":20},"end":{"line":18,"column":55}},"8":{"start":{"line":19,"column":6},"end":{"line":22,"column":7}},"9":{"start":{"line":20,"column":8},"end":{"line":20,"column":64}},"10":{"start":{"line":21,"column":8},"end":{"line":21,"column":15}},"11":{"start":{"line":23,"column":6},"end":{"line":23,"column":22}},"12":{"start":{"line":25,"column":6},"end":{"line":25,"column":62}},"13":{"start":{"line":30,"column":4},"end":{"line":40,"column":5}},"14":{"start":{"line":31,"column":38},"end":{"line":31,"column":46}},"15":{"start":{"line":32,"column":6},"end":{"line":35,"column":7}},"16":{"start":{"line":33,"column":8},"end":{"line":33,"column":115}},"17":{"start":{"line":34,"column":8},"end":{"line":34,"column":15}},"18":{"start":{"line":36,"column":20},"end":{"line":36,"column":71}},"19":{"start":{"line":37,"column":6},"end":{"line":37,"column":34}},"20":{"start":{"line":39,"column":6},"end":{"line":39,"column":78}},"21":{"start":{"line":44,"column":4},"end":{"line":59,"column":5}},"22":{"start":{"line":45,"column":21},"end":{"line":45,"column":31}},"23":{"start":{"line":46,"column":27},"end":{"line":46,"column":35}},"24":{"start":{"line":47,"column":6},"end":{"line":50,"column":7}},"25":{"start":{"line":48,"column":8},"end":{"line":48,"column":103}},"26":{"start":{"line":49,"column":8},"end":{"line":49,"column":15}},"27":{"start":{"line":51,"column":27},"end":{"line":51,"column":71}},"28":{"start":{"line":52,"column":6},"end":{"line":55,"column":7}},"29":{"start":{"line":53,"column":8},"end":{"line":53,"column":64}},"30":{"start":{"line":54,"column":8},"end":{"line":54,"column":15}},"31":{"start":{"line":56,"column":6},"end":{"line":56,"column":29}},"32":{"start":{"line":58,"column":6},"end":{"line":58,"column":82}},"33":{"start":{"line":63,"column":4},"end":{"line":73,"column":5}},"34":{"start":{"line":64,"column":21},"end":{"line":64,"column":31}},"35":{"start":{"line":65,"column":22},"end":{"line":65,"column":56}},"36":{"start":{"line":66,"column":6},"end":{"line":69,"column":7}},"37":{"start":{"line":67,"column":8},"end":{"line":67,"column":64}},"38":{"start":{"line":68,"column":8},"end":{"line":68,"column":15}},"39":{"start":{"line":70,"column":6},"end":{"line":70,"column":29}},"40":{"start":{"line":72,"column":6},"end":{"line":72,"column":63}},"41":{"start":{"line":5,"column":0},"end":{"line":5,"column":13}}},"fnMap":{"0":{"name":"(anonymous_7)","decl":{"start":{"line":6,"column":2},"end":{"line":6,"column":8}},"loc":{"start":{"line":6,"column":49},"end":{"line":13,"column":null}}},"1":{"name":"(anonymous_9)","decl":{"start":{"line":15,"column":2},"end":{"line":15,"column":8}},"loc":{"start":{"line":15,"column":50},"end":{"line":27,"column":null}}},"2":{"name":"(anonymous_11)","decl":{"start":{"line":29,"column":2},"end":{"line":29,"column":8}},"loc":{"start":{"line":29,"column":49},"end":{"line":41,"column":null}}},"3":{"name":"(anonymous_13)","decl":{"start":{"line":43,"column":2},"end":{"line":43,"column":8}},"loc":{"start":{"line":43,"column":49},"end":{"line":60,"column":null}}},"4":{"name":"(anonymous_15)","decl":{"start":{"line":62,"column":2},"end":{"line":62,"column":8}},"loc":{"start":{"line":62,"column":49},"end":{"line":74,"column":null}}}},"branchMap":{"0":{"loc":{"start":{"line":19,"column":6},"end":{"line":22,"column":7}},"type":"if","locations":[{"start":{"line":19,"column":6},"end":{"line":22,"column":7}}]},"1":{"loc":{"start":{"line":32,"column":6},"end":{"line":35,"column":7}},"type":"if","locations":[{"start":{"line":32,"column":6},"end":{"line":35,"column":7}}]},"2":{"loc":{"start":{"line":32,"column":10},"end":{"line":32,"column":33}},"type":"binary-expr","locations":[{"start":{"line":32,"column":10},"end":{"line":32,"column":20}},{"start":{"line":32,"column":24},"end":{"line":32,"column":33}}]},"3":{"loc":{"start":{"line":39,"column":36},"end":{"line":39,"column":74}},"type":"binary-expr","locations":[{"start":{"line":39,"column":36},"end":{"line":39,"column":49}},{"start":{"line":39,"column":53},"end":{"line":39,"column":74}}]},"4":{"loc":{"start":{"line":47,"column":6},"end":{"line":50,"column":7}},"type":"if","locations":[{"start":{"line":47,"column":6},"end":{"line":50,"column":7}}]},"5":{"loc":{"start":{"line":52,"column":6},"end":{"line":55,"column":7}},"type":"if","locations":[{"start":{"line":52,"column":6},"end":{"line":55,"column":7}}]},"6":{"loc":{"start":{"line":58,"column":36},"end":{"line":58,"column":78}},"type":"binary-expr","locations":[{"start":{"line":58,"column":36},"end":{"line":58,"column":49}},{"start":{"line":58,"column":53},"end":{"line":58,"column":78}}]},"7":{"loc":{"start":{"line":66,"column":6},"end":{"line":69,"column":7}},"type":"if","locations":[{"start":{"line":66,"column":6},"end":{"line":69,"column":7}}]}},"s":{"0":4,"1":0,"2":0,"3":0,"4":0,"5":0,"6":0,"7":0,"8":0,"9":0,"10":0,"11":0,"12":0,"13":0,"14":0,"15":0,"16":0,"17":0,"18":0,"19":0,"20":0,"21":0,"22":0,"23":0,"24":0,"25":0,"26":0,"27":0,"28":0,"29":0,"30":0,"31":0,"32":0,"33":0,"34":0,"35":0,"36":0,"37":0,"38":0,"39":0,"40":0,"41":4},"f":{"0":0,"1":0,"2":0,"3":0,"4":0},"b":{"0":[0],"1":[0],"2":[0,0],"3":[0,0],"4":[0],"5":[0],"6":[0,0],"7":[0]}}
,"/home/ubuntu/Poke-Cofre/backend/src/controllers/pokemon.controller.ts": {"path":"/home/ubuntu/Poke-Cofre/backend/src/controllers/pokemon.controller.ts","statementMap":{"0":{"start":{"line":3,"column":0},"end":{"line":3,"column":62}},"1":{"start":{"line":7,"column":4},"end":{"line":12,"column":5}},"2":{"start":{"line":8,"column":23},"end":{"line":8,"column":76}},"3":{"start":{"line":9,"column":6},"end":{"line":9,"column":25}},"4":{"start":{"line":11,"column":6},"end":{"line":11,"column":65}},"5":{"start":{"line":16,"column":4},"end":{"line":26,"column":5}},"6":{"start":{"line":17,"column":21},"end":{"line":17,"column":31}},"7":{"start":{"line":18,"column":22},"end":{"line":18,"column":61}},"8":{"start":{"line":19,"column":6},"end":{"line":22,"column":7}},"9":{"start":{"line":20,"column":8},"end":{"line":20,"column":66}},"10":{"start":{"line":21,"column":8},"end":{"line":21,"column":15}},"11":{"start":{"line":23,"column":6},"end":{"line":23,"column":24}},"12":{"start":{"line":25,"column":6},"end":{"line":25,"column":64}},"13":{"start":{"line":30,"column":4},"end":{"line":46,"column":5}},"14":{"start":{"line":31,"column":44},"end":{"line":31,"column":52}},"15":{"start":{"line":32,"column":6},"end":{"line":35,"column":7}},"16":{"start":{"line":33,"column":8},"end":{"line":33,"column":77}},"17":{"start":{"line":34,"column":8},"end":{"line":34,"column":15}},"18":{"start":{"line":36,"column":25},"end":{"line":36,"column":90}},"19":{"start":{"line":37,"column":6},"end":{"line":37,"column":39}},"20":{"start":{"line":39,"column":6},"end":{"line":45,"column":7}},"21":{"start":{"line":40,"column":8},"end":{"line":40,"column":55}},"22":{"start":{"line":41,"column":13},"end":{"line":45,"column":7}},"23":{"start":{"line":42,"column":8},"end":{"line":42,"column":77}},"24":{"start":{"line":44,"column":8},"end":{"line":44,"column":65}},"25":{"start":{"line":50,"column":4},"end":{"line":61,"column":5}},"26":{"start":{"line":51,"column":21},"end":{"line":51,"column":31}},"27":{"start":{"line":52,"column":33},"end":{"line":52,"column":41}},"28":{"start":{"line":53,"column":29},"end":{"line":53,"column":87}},"29":{"start":{"line":54,"column":6},"end":{"line":57,"column":7}},"30":{"start":{"line":55,"column":8},"end":{"line":55,"column":66}},"31":{"start":{"line":56,"column":8},"end":{"line":56,"column":15}},"32":{"start":{"line":58,"column":6},"end":{"line":58,"column":31}},"33":{"start":{"line":60,"column":6},"end":{"line":60,"column":67}},"34":{"start":{"line":65,"column":4},"end":{"line":75,"column":5}},"35":{"start":{"line":66,"column":21},"end":{"line":66,"column":31}},"36":{"start":{"line":67,"column":22},"end":{"line":67,"column":60}},"37":{"start":{"line":68,"column":6},"end":{"line":71,"column":7}},"38":{"start":{"line":69,"column":8},"end":{"line":69,"column":66}},"39":{"start":{"line":70,"column":8},"end":{"line":70,"column":15}},"40":{"start":{"line":72,"column":6},"end":{"line":72,"column":29}},"41":{"start":{"line":74,"column":6},"end":{"line":74,"column":65}},"42":{"start":{"line":5,"column":0},"end":{"line":5,"column":13}}},"fnMap":{"0":{"name":"(anonymous_7)","decl":{"start":{"line":6,"column":2},"end":{"line":6,"column":8}},"loc":{"start":{"line":6,"column":49},"end":{"line":13,"column":null}}},"1":{"name":"(anonymous_9)","decl":{"start":{"line":15,"column":2},"end":{"line":15,"column":8}},"loc":{"start":{"line":15,"column":50},"end":{"line":27,"column":null}}},"2":{"name":"(anonymous_11)","decl":{"start":{"line":29,"column":2},"end":{"line":29,"column":8}},"loc":{"start":{"line":29,"column":49},"end":{"line":47,"column":null}}},"3":{"name":"(anonymous_13)","decl":{"start":{"line":49,"column":2},"end":{"line":49,"column":8}},"loc":{"start":{"line":49,"column":49},"end":{"line":62,"column":null}}},"4":{"name":"(anonymous_15)","decl":{"start":{"line":64,"column":2},"end":{"line":64,"column":8}},"loc":{"start":{"line":64,"column":49},"end":{"line":76,"column":null}}}},"branchMap":{"0":{"loc":{"start":{"line":19,"column":6},"end":{"line":22,"column":7}},"type":"if","locations":[{"start":{"line":19,"column":6},"end":{"line":22,"column":7}}]},"1":{"loc":{"start":{"line":32,"column":6},"end":{"line":35,"column":7}},"type":"if","locations":[{"start":{"line":32,"column":6},"end":{"line":35,"column":7}}]},"2":{"loc":{"start":{"line":32,"column":10},"end":{"line":32,"column":29}},"type":"binary-expr","locations":[{"start":{"line":32,"column":10},"end":{"line":32,"column":20}},{"start":{"line":32,"column":24},"end":{"line":32,"column":29}}]},"3":{"loc":{"start":{"line":39,"column":6},"end":{"line":45,"column":7}},"type":"if","locations":[{"start":{"line":39,"column":6},"end":{"line":45,"column":7}},{"start":{"line":41,"column":13},"end":{"line":45,"column":7}}]},"4":{"loc":{"start":{"line":41,"column":13},"end":{"line":45,"column":7}},"type":"if","locations":[{"start":{"line":41,"column":13},"end":{"line":45,"column":7}},{"start":{"line":43,"column":13},"end":{"line":45,"column":7}}]},"5":{"loc":{"start":{"line":41,"column":17},"end":{"line":41,"column":64}},"type":"binary-expr","locations":[{"start":{"line":41,"column":17},"end":{"line":41,"column":31}},{"start":{"line":41,"column":35},"end":{"line":41,"column":64}}]},"6":{"loc":{"start":{"line":54,"column":6},"end":{"line":57,"column":7}},"type":"if","locations":[{"start":{"line":54,"column":6},"end":{"line":57,"column":7}}]},"7":{"loc":{"start":{"line":68,"column":6},"end":{"line":71,"column":7}},"type":"if","locations":[{"start":{"line":68,"column":6},"end":{"line":71,"column":7}}]}},"s":{"0":4,"1":0,"2":0,"3":0,"4":0,"5":0,"6":0,"7":0,"8":0,"9":0,"10":0,"11":0,"12":0,"13":0,"14":0,"15":0,"16":0,"17":0,"18":0,"19":0,"20":0,"21":0,"22":0,"23":0,"24":0,"25":0,"26":0,"27":0,"28":0,"29":0,"30":0,"31":0,"32":0,"33":0,"34":0,"35":0,"36":0,"37":0,"38":0,"39":0,"40":0,"41":0,"42":4},"f":{"0":0,"1":0,"2":0,"3":0,"4":0},"b":{"0":[0],"1":[0],"2":[0,0],"3":[0,0],"4":[0,0],"5":[0,0],"6":[0],"7":[0]}}
,"/home/ubuntu/Poke-Cofre/backend/src/controllers/treinador.controller.ts": {"path":"/home/ubuntu/Poke-Cofre/backend/src/controllers/treinador.controller.ts","statementMap":{"0":{"start":{"line":3,"column":0},"end":{"line":3,"column":65}},"1":{"start":{"line":7,"column":4},"end":{"line":13,"column":5}},"2":{"start":{"line":9,"column":26},"end":{"line":9,"column":84}},"3":{"start":{"line":10,"column":6},"end":{"line":10,"column":28}},"4":{"start":{"line":12,"column":6},"end":{"line":12,"column":68}},"5":{"start":{"line":17,"column":4},"end":{"line":27,"column":5}},"6":{"start":{"line":18,"column":17},"end":{"line":18,"column":30}},"7":{"start":{"line":19,"column":24},"end":{"line":19,"column":67}},"8":{"start":{"line":20,"column":6},"end":{"line":23,"column":7}},"9":{"start":{"line":21,"column":8},"end":{"line":21,"column":68}},"10":{"start":{"line":22,"column":8},"end":{"line":22,"column":15}},"11":{"start":{"line":24,"column":6},"end":{"line":24,"column":26}},"12":{"start":{"line":26,"column":6},"end":{"line":26,"column":66}},"13":{"start":{"line":31,"column":4},"end":{"line":37,"column":5}},"14":{"start":{"line":32,"column":28},"end":{"line":32,"column":36}},"15":{"start":{"line":33,"column":24},"end":{"line":33,"column":77}},"16":{"start":{"line":34,"column":6},"end":{"line":34,"column":38}},"17":{"start":{"line":36,"column":6},"end":{"line":36,"column":65}},"18":{"start":{"line":41,"column":4},"end":{"line":52,"column":5}},"19":{"start":{"line":42,"column":17},"end":{"line":42,"column":30}},"20":{"start":{"line":43,"column":28},"end":{"line":43,"column":36}},"21":{"start":{"line":44,"column":24},"end":{"line":44,"column":81}},"22":{"start":{"line":45,"column":6},"end":{"line":48,"column":7}},"23":{"start":{"line":46,"column":8},"end":{"line":46,"column":68}},"24":{"start":{"line":47,"column":8},"end":{"line":47,"column":15}},"25":{"start":{"line":49,"column":6},"end":{"line":49,"column":26}},"26":{"start":{"line":51,"column":6},"end":{"line":51,"column":69}},"27":{"start":{"line":56,"column":4},"end":{"line":66,"column":5}},"28":{"start":{"line":57,"column":17},"end":{"line":57,"column":30}},"29":{"start":{"line":58,"column":22},"end":{"line":58,"column":64}},"30":{"start":{"line":59,"column":6},"end":{"line":62,"column":7}},"31":{"start":{"line":60,"column":8},"end":{"line":60,"column":68}},"32":{"start":{"line":61,"column":8},"end":{"line":61,"column":15}},"33":{"start":{"line":63,"column":6},"end":{"line":63,"column":29}},"34":{"start":{"line":65,"column":6},"end":{"line":65,"column":67}},"35":{"start":{"line":5,"column":0},"end":{"line":5,"column":13}}},"fnMap":{"0":{"name":"(anonymous_7)","decl":{"start":{"line":6,"column":2},"end":{"line":6,"column":8}},"loc":{"start":{"line":6,"column":49},"end":{"line":14,"column":null}}},"1":{"name":"(anonymous_9)","decl":{"start":{"line":16,"column":2},"end":{"line":16,"column":8}},"loc":{"start":{"line":16,"column":50},"end":{"line":28,"column":null}}},"2":{"name":"(anonymous_11)","decl":{"start":{"line":30,"column":2},"end":{"line":30,"column":8}},"loc":{"start":{"line":30,"column":49},"end":{"line":38,"column":null}}},"3":{"name":"(anonymous_13)","decl":{"start":{"line":40,"column":2},"end":{"line":40,"column":8}},"loc":{"start":{"line":40,"column":49},"end":{"line":53,"column":null}}},"4":{"name":"(anonymous_15)","decl":{"start":{"line":55,"column":2},"end":{"line":55,"column":8}},"loc":{"start":{"line":55,"column":58},"end":{"line":67,"column":null}}}},"branchMap":{"0":{"loc":{"start":{"line":20,"column":6},"end":{"line":23,"column":7}},"type":"if","locations":[{"start":{"line":20,"column":6},"end":{"line":23,"column":7}}]},"1":{"loc":{"start":{"line":45,"column":6},"end":{"line":48,"column":7}},"type":"if","locations":[{"start":{"line":45,"column":6},"end":{"line":48,"column":7}}]},"2":{"loc":{"start":{"line":59,"column":6},"end":{"line":62,"column":7}},"type":"if","locations":[{"start":{"line":59,"column":6},"end":{"line":62,"column":7}}]}},"s":{"0":4,"1":0,"2":0,"3":0,"4":0,"5":1,"6":1,"7":1,"8":1,"9":1,"10":1,"11":0,"12":0,"13":0,"14":0,"15":0,"16":0,"17":0,"18":1,"19":1,"20":1,"21":1,"22":1,"23":1,"24":1,"25":0,"26":0,"27":1,"28":1,"29":1,"30":1,"31":1,"32":1,"33":0,"34":0,"35":4},"f":{"0":0,"1":1,"2":0,"3":1,"4":1},"b":{"0":[1],"1":[1],"2":[1]}}
,"/home/ubuntu/Poke-Cofre/backend/src/middlewares/auth.middleware.ts": {"path":"/home/ubuntu/Poke-Cofre/backend/src/middlewares/auth.middleware.ts","statementMap":{"0":{"start":{"line":3,"column":0},"end":{"line":3,"column":55}},"1":{"start":{"line":5,"column":44},"end":{"line":36,"column":1}},"2":{"start":{"line":6,"column":2},"end":{"line":35,"column":3}},"3":{"start":{"line":7,"column":19},"end":{"line":7,"column":44}},"4":{"start":{"line":8,"column":4},"end":{"line":11,"column":5}},"5":{"start":{"line":9,"column":6},"end":{"line":9,"column":64}},"6":{"start":{"line":10,"column":6},"end":{"line":10,"column":13}},"7":{"start":{"line":13,"column":18},"end":{"line":13,"column":35}},"8":{"start":{"line":14,"column":4},"end":{"line":17,"column":5}},"9":{"start":{"line":15,"column":6},"end":{"line":15,"column":59}},"10":{"start":{"line":16,"column":6},"end":{"line":16,"column":13}},"11":{"start":{"line":19,"column":28},"end":{"line":19,"column":33}},"12":{"start":{"line":20,"column":4},"end":{"line":23,"column":5}},"13":{"start":{"line":21,"column":6},"end":{"line":21,"column":70}},"14":{"start":{"line":22,"column":6},"end":{"line":22,"column":13}},"15":{"start":{"line":25,"column":20},"end":{"line":25,"column":38}},"16":{"start":{"line":26,"column":4},"end":{"line":29,"column":5}},"17":{"start":{"line":27,"column":6},"end":{"line":27,"column":81}},"18":{"start":{"line":28,"column":6},"end":{"line":28,"column":13}},"19":{"start":{"line":31,"column":5},"end":{"line":31,"column":42}},"20":{"start":{"line":32,"column":4},"end":{"line":32,"column":11}},"21":{"start":{"line":34,"column":4},"end":{"line":34,"column":69}},"22":{"start":{"line":5,"column":13},"end":{"line":5,"column":44}}},"fnMap":{"0":{"name":"(anonymous_0)","decl":{"start":{"line":5,"column":44},"end":{"line":5,"column":45}},"loc":{"start":{"line":5,"column":96},"end":{"line":36,"column":1}}}},"branchMap":{"0":{"loc":{"start":{"line":8,"column":4},"end":{"line":11,"column":5}},"type":"if","locations":[{"start":{"line":8,"column":4},"end":{"line":11,"column":5}}]},"1":{"loc":{"start":{"line":14,"column":4},"end":{"line":17,"column":5}},"type":"if","locations":[{"start":{"line":14,"column":4},"end":{"line":17,"column":5}}]},"2":{"loc":{"start":{"line":20,"column":4},"end":{"line":23,"column":5}},"type":"if","locations":[{"start":{"line":20,"column":4},"end":{"line":23,"column":5}}]},"3":{"loc":{"start":{"line":26,"column":4},"end":{"line":29,"column":5}},"type":"if","locations":[{"start":{"line":26,"column":4},"end":{"line":29,"column":5}}]},"4":{"loc":{"start":{"line":26,"column":8},"end":{"line":26,"column":57}},"type":"binary-expr","locations":[{"start":{"line":26,"column":8},"end":{"line":26,"column":35}},{"start":{"line":26,"column":39},"end":{"line":26,"column":57}}]}},"s":{"0":4,"1":4,"2":9,"3":9,"4":9,"5":4,"6":4,"7":5,"8":5,"9":0,"10":0,"11":5,"12":5,"13":0,"14":0,"15":5,"16":5,"17":2,"18":2,"19":3,"20":3,"21":0,"22":4},"f":{"0":9},"b":{"0":[4],"1":[0],"2":[0],"3":[2],"4":[5,5]}}
,"/home/ubuntu/Poke-Cofre/backend/src/middlewares/authenticateBill.ts": {"path":"/home/ubuntu/Poke-Cofre/backend/src/middlewares/authenticateBill.ts","statementMap":{"0":{"start":{"line":3,"column":0},"end":{"line":3,"column":55}},"1":{"start":{"line":5,"column":48},"end":{"line":42,"column":1}},"2":{"start":{"line":6,"column":2},"end":{"line":41,"column":3}},"3":{"start":{"line":7,"column":19},"end":{"line":7,"column":44}},"4":{"start":{"line":8,"column":4},"end":{"line":11,"column":5}},"5":{"start":{"line":9,"column":6},"end":{"line":9,"column":64}},"6":{"start":{"line":10,"column":6},"end":{"line":10,"column":13}},"7":{"start":{"line":13,"column":18},"end":{"line":13,"column":35}},"8":{"start":{"line":14,"column":4},"end":{"line":17,"column":5}},"9":{"start":{"line":15,"column":6},"end":{"line":15,"column":59}},"10":{"start":{"line":16,"column":6},"end":{"line":16,"column":13}},"11":{"start":{"line":19,"column":28},"end":{"line":19,"column":33}},"12":{"start":{"line":20,"column":4},"end":{"line":23,"column":5}},"13":{"start":{"line":21,"column":6},"end":{"line":21,"column":70}},"14":{"start":{"line":22,"column":6},"end":{"line":22,"column":13}},"15":{"start":{"line":25,"column":20},"end":{"line":25,"column":38}},"16":{"start":{"line":26,"column":4},"end":{"line":29,"column":5}},"17":{"start":{"line":27,"column":6},"end":{"line":27,"column":81}},"18":{"start":{"line":28,"column":6},"end":{"line":28,"column":13}},"19":{"start":{"line":31,"column":4},"end":{"line":34,"column":5}},"20":{"start":{"line":32,"column":6},"end":{"line":32,"column":98}},"21":{"start":{"line":33,"column":6},"end":{"line":33,"column":13}},"22":{"start":{"line":36,"column":5},"end":{"line":36,"column":42}},"23":{"start":{"line":37,"column":5},"end":{"line":37,"column":46}},"24":{"start":{"line":38,"column":4},"end":{"line":38,"column":11}},"25":{"start":{"line":40,"column":4},"end":{"line":40,"column":69}},"26":{"start":{"line":5,"column":13},"end":{"line":5,"column":48}}},"fnMap":{"0":{"name":"(anonymous_0)","decl":{"start":{"line":5,"column":48},"end":{"line":5,"column":49}},"loc":{"start":{"line":5,"column":100},"end":{"line":42,"column":1}}}},"branchMap":{"0":{"loc":{"start":{"line":8,"column":4},"end":{"line":11,"column":5}},"type":"if","locations":[{"start":{"line":8,"column":4},"end":{"line":11,"column":5}}]},"1":{"loc":{"start":{"line":14,"column":4},"end":{"line":17,"column":5}},"type":"if","locations":[{"start":{"line":14,"column":4},"end":{"line":17,"column":5}}]},"2":{"loc":{"start":{"line":20,"column":4},"end":{"line":23,"column":5}},"type":"if","locations":[{"start":{"line":20,"column":4},"end":{"line":23,"column":5}}]},"3":{"loc":{"start":{"line":26,"column":4},"end":{"line":29,"column":5}},"type":"if","locations":[{"start":{"line":26,"column":4},"end":{"line":29,"column":5}}]},"4":{"loc":{"start":{"line":26,"column":8},"end":{"line":26,"column":59}},"type":"binary-expr","locations":[{"start":{"line":26,"column":8},"end":{"line":26,"column":35}},{"start":{"line":26,"column":39},"end":{"line":26,"column":59}}]},"5":{"loc":{"start":{"line":31,"column":4},"end":{"line":34,"column":5}},"type":"if","locations":[{"start":{"line":31,"column":4},"end":{"line":34,"column":5}}]}},"s":{"0":4,"1":4,"2":0,"3":0,"4":0,"5":0,"6":0,"7":0,"8":0,"9":0,"10":0,"11":0,"12":0,"13":0,"14":0,"15":0,"16":0,"17":0,"18":0,"19":0,"20":0,"21":0,"22":0,"23":0,"24":0,"25":0,"26":4},"f":{"0":0},"b":{"0":[0],"1":[0],"2":[0],"3":[0],"4":[0,0],"5":[0]}}
,"/home/ubuntu/Poke-Cofre/backend/src/middlewares/authorizeParty.ts": {"path":"/home/ubuntu/Poke-Cofre/backend/src/middlewares/authorizeParty.ts","statementMap":{"0":{"start":{"line":4,"column":46},"end":{"line":16,"column":1}},"1":{"start":{"line":5,"column":26},"end":{"line":5,"column":49}},"2":{"start":{"line":6,"column":28},"end":{"line":6,"column":53}},"3":{"start":{"line":7,"column":27},"end":{"line":7,"column":45}},"4":{"start":{"line":8,"column":2},"end":{"line":10,"column":3}},"5":{"start":{"line":9,"column":4},"end":{"line":9,"column":18}},"6":{"start":{"line":11,"column":2},"end":{"line":14,"column":3}},"7":{"start":{"line":12,"column":4},"end":{"line":12,"column":122}},"8":{"start":{"line":13,"column":4},"end":{"line":13,"column":11}},"9":{"start":{"line":15,"column":2},"end":{"line":15,"column":9}},"10":{"start":{"line":4,"column":13},"end":{"line":4,"column":46}}},"fnMap":{"0":{"name":"(anonymous_0)","decl":{"start":{"line":4,"column":46},"end":{"line":4,"column":47}},"loc":{"start":{"line":4,"column":98},"end":{"line":16,"column":1}}}},"branchMap":{"0":{"loc":{"start":{"line":8,"column":2},"end":{"line":10,"column":3}},"type":"if","locations":[{"start":{"line":8,"column":2},"end":{"line":10,"column":3}}]},"1":{"loc":{"start":{"line":11,"column":2},"end":{"line":14,"column":3}},"type":"if","locations":[{"start":{"line":11,"column":2},"end":{"line":14,"column":3}}]},"2":{"loc":{"start":{"line":11,"column":6},"end":{"line":11,"column":62}},"type":"binary-expr","locations":[{"start":{"line":11,"column":6},"end":{"line":11,"column":23}},{"start":{"line":11,"column":27},"end":{"line":11,"column":62}}]}},"s":{"0":4,"1":0,"2":0,"3":0,"4":0,"5":0,"6":0,"7":0,"8":0,"9":0,"10":4},"f":{"0":0},"b":{"0":[0],"1":[0],"2":[0,0]}}
,"/home/ubuntu/Poke-Cofre/backend/src/middlewares/authorizePokemon.ts": {"path":"/home/ubuntu/Poke-Cofre/backend/src/middlewares/authorizePokemon.ts","statementMap":{"0":{"start":{"line":3,"column":48},"end":{"line":15,"column":1}},"1":{"start":{"line":4,"column":28},"end":{"line":4,"column":51}},"2":{"start":{"line":5,"column":30},"end":{"line":5,"column":55}},"3":{"start":{"line":6,"column":27},"end":{"line":6,"column":45}},"4":{"start":{"line":7,"column":2},"end":{"line":9,"column":3}},"5":{"start":{"line":8,"column":4},"end":{"line":8,"column":18}},"6":{"start":{"line":10,"column":2},"end":{"line":13,"column":3}},"7":{"start":{"line":11,"column":4},"end":{"line":11,"column":123}},"8":{"start":{"line":12,"column":4},"end":{"line":12,"column":11}},"9":{"start":{"line":14,"column":2},"end":{"line":14,"column":9}},"10":{"start":{"line":3,"column":13},"end":{"line":3,"column":48}}},"fnMap":{"0":{"name":"(anonymous_0)","decl":{"start":{"line":3,"column":48},"end":{"line":3,"column":49}},"loc":{"start":{"line":3,"column":100},"end":{"line":15,"column":1}}}},"branchMap":{"0":{"loc":{"start":{"line":7,"column":2},"end":{"line":9,"column":3}},"type":"if","locations":[{"start":{"line":7,"column":2},"end":{"line":9,"column":3}}]},"1":{"loc":{"start":{"line":10,"column":2},"end":{"line":13,"column":3}},"type":"if","locations":[{"start":{"line":10,"column":2},"end":{"line":13,"column":3}}]},"2":{"loc":{"start":{"line":10,"column":6},"end":{"line":10,"column":63}},"type":"binary-expr","locations":[{"start":{"line":10,"column":6},"end":{"line":10,"column":22}},{"start":{"line":10,"column":26},"end":{"line":10,"column":63}}]}},"s":{"0":4,"1":0,"2":0,"3":0,"4":0,"5":0,"6":0,"7":0,"8":0,"9":0,"10":4},"f":{"0":0},"b":{"0":[0],"1":[0],"2":[0,0]}}
,"/home/ubuntu/Poke-Cofre/backend/src/middlewares/authorizeTrainador.ts": {"path":"/home/ubuntu/Poke-Cofre/backend/src/middlewares/authorizeTrainador.ts","statementMap":{"0":{"start":{"line":4,"column":50},"end":{"line":21,"column":1}},"1":{"start":{"line":5,"column":28},"end":{"line":5,"column":51}},"2":{"start":{"line":6,"column":30},"end":{"line":6,"column":55}},"3":{"start":{"line":7,"column":28},"end":{"line":7,"column":41}},"4":{"start":{"line":9,"column":2},"end":{"line":11,"column":3}},"5":{"start":{"line":10,"column":4},"end":{"line":10,"column":18}},"6":{"start":{"line":13,"column":2},"end":{"line":18,"column":3}},"7":{"start":{"line":14,"column":4},"end":{"line":16,"column":7}},"8":{"start":{"line":17,"column":4},"end":{"line":17,"column":11}},"9":{"start":{"line":20,"column":2},"end":{"line":20,"column":9}},"10":{"start":{"line":4,"column":13},"end":{"line":4,"column":50}}},"fnMap":{"0":{"name":"(anonymous_0)","decl":{"start":{"line":4,"column":50},"end":{"line":4,"column":51}},"loc":{"start":{"line":4,"column":102},"end":{"line":21,"column":1}}}},"branchMap":{"0":{"loc":{"start":{"line":9,"column":2},"end":{"line":11,"column":3}},"type":"if","locations":[{"start":{"line":9,"column":2},"end":{"line":11,"column":3}}]},"1":{"loc":{"start":{"line":13,"column":2},"end":{"line":18,"column":3}},"type":"if","locations":[{"start":{"line":13,"column":2},"end":{"line":18,"column":3}}]}},"s":{"0":4,"1":3,"2":3,"3":3,"4":3,"5":0,"6":3,"7":0,"8":0,"9":3,"10":4},"f":{"0":3},"b":{"0":[0],"1":[0]}}
,"/home/ubuntu/Poke-Cofre/backend/src/models/batalha.model.ts": {"path":"/home/ubuntu/Poke-Cofre/backend/src/models/batalha.model.ts","statementMap":{"0":{"start":{"line":1,"column":0},"end":{"line":1,"column":55}},"1":{"start":{"line":2,"column":0},"end":{"line":2,"column":37}},"2":{"start":{"line":24,"column":0},"end":{"line":59,"column":2}},"3":{"start":{"line":61,"column":0},"end":{"line":61,"column":23}}},"fnMap":{},"branchMap":{},"s":{"0":4,"1":4,"2":4,"3":4},"f":{},"b":{}}
,"/home/ubuntu/Poke-Cofre/backend/src/models/party.model.ts": {"path":"/home/ubuntu/Poke-Cofre/backend/src/models/party.model.ts","statementMap":{"0":{"start":{"line":1,"column":0},"end":{"line":1,"column":55}},"1":{"start":{"line":2,"column":0},"end":{"line":2,"column":37}},"2":{"start":{"line":3,"column":0},"end":{"line":3,"column":42}},"3":{"start":{"line":20,"column":0},"end":{"line":43,"column":2}},"4":{"start":{"line":45,"column":0},"end":{"line":45,"column":56}},"5":{"start":{"line":46,"column":0},"end":{"line":46,"column":53}},"6":{"start":{"line":48,"column":0},"end":{"line":48,"column":21}}},"fnMap":{},"branchMap":{},"s":{"0":4,"1":4,"2":4,"3":4,"4":4,"5":4,"6":4},"f":{},"b":{}}
,"/home/ubuntu/Poke-Cofre/backend/src/models/pokemon.model.ts": {"path":"/home/ubuntu/Poke-Cofre/backend/src/models/pokemon.model.ts","statementMap":{"0":{"start":{"line":1,"column":0},"end":{"line":1,"column":45}},"1":{"start":{"line":2,"column":0},"end":{"line":2,"column":37}},"2":{"start":{"line":11,"column":0},"end":{"line":37,"column":2}},"3":{"start":{"line":39,"column":0},"end":{"line":39,"column":23}}},"fnMap":{},"branchMap":{},"s":{"0":4,"1":4,"2":4,"3":4},"f":{},"b":{}}
,"/home/ubuntu/Poke-Cofre/backend/src/models/treinador.model.ts": {"path":"/home/ubuntu/Poke-Cofre/backend/src/models/treinador.model.ts","statementMap":{"0":{"start":{"line":2,"column":0},"end":{"line":2,"column":55}},"1":{"start":{"line":3,"column":0},"end":{"line":3,"column":37}},"2":{"start":{"line":21,"column":0},"end":{"line":43,"column":2}},"3":{"start":{"line":45,"column":0},"end":{"line":45,"column":25}}},"fnMap":{},"branchMap":{},"s":{"0":4,"1":4,"2":4,"3":4},"f":{},"b":{}}
,"/home/ubuntu/Poke-Cofre/backend/src/routes/auth.routes.ts": {"path":"/home/ubuntu/Poke-Cofre/backend/src/routes/auth.routes.ts","statementMap":{"0":{"start":{"line":2,"column":0},"end":{"line":2,"column":33}},"1":{"start":{"line":3,"column":0},"end":{"line":3,"column":53}},"2":{"start":{"line":4,"column":0},"end":{"line":4,"column":64}},"3":{"start":{"line":6,"column":15},"end":{"line":6,"column":23}},"4":{"start":{"line":57,"column":0},"end":{"line":57,"column":64}},"5":{"start":{"line":96,"column":0},"end":{"line":96,"column":58}},"6":{"start":{"line":98,"column":0},"end":{"line":98,"column":22}}},"fnMap":{},"branchMap":{},"s":{"0":4,"1":4,"2":4,"3":4,"4":4,"5":4,"6":4},"f":{},"b":{}}
,"/home/ubuntu/Poke-Cofre/backend/src/routes/batalha.routes.ts": {"path":"/home/ubuntu/Poke-Cofre/backend/src/routes/batalha.routes.ts","statementMap":{"0":{"start":{"line":1,"column":0},"end":{"line":1,"column":33}},"1":{"start":{"line":2,"column":0},"end":{"line":2,"column":70}},"2":{"start":{"line":3,"column":0},"end":{"line":3,"column":62}},"3":{"start":{"line":5,"column":15},"end":{"line":5,"column":23}},"4":{"start":{"line":151,"column":0},"end":{"line":151,"column":57}},"5":{"start":{"line":152,"column":0},"end":{"line":152,"column":56}},"6":{"start":{"line":153,"column":0},"end":{"line":153,"column":60}},"7":{"start":{"line":154,"column":0},"end":{"line":154,"column":62}},"8":{"start":{"line":156,"column":0},"end":{"line":156,"column":22}}},"fnMap":{},"branchMap":{},"s":{"0":4,"1":4,"2":4,"3":4,"4":4,"5":4,"6":4,"7":4,"8":4},"f":{},"b":{}}
,"/home/ubuntu/Poke-Cofre/backend/src/routes/party.routes.ts": {"path":"/home/ubuntu/Poke-Cofre/backend/src/routes/party.routes.ts","statementMap":{"0":{"start":{"line":1,"column":0},"end":{"line":1,"column":33}},"1":{"start":{"line":2,"column":0},"end":{"line":2,"column":66}},"2":{"start":{"line":3,"column":0},"end":{"line":3,"column":62}},"3":{"start":{"line":4,"column":0},"end":{"line":4,"column":67}},"4":{"start":{"line":5,"column":0},"end":{"line":5,"column":63}},"5":{"start":{"line":7,"column":15},"end":{"line":7,"column":23}},"6":{"start":{"line":196,"column":0},"end":{"line":196,"column":71}},"7":{"start":{"line":197,"column":0},"end":{"line":197,"column":58}},"8":{"start":{"line":198,"column":0},"end":{"line":198,"column":74}},"9":{"start":{"line":199,"column":0},"end":{"line":199,"column":73}},"10":{"start":{"line":200,"column":0},"end":{"line":200,"column":76}},"11":{"start":{"line":202,"column":0},"end":{"line":202,"column":22}}},"fnMap":{},"branchMap":{},"s":{"0":4,"1":4,"2":4,"3":4,"4":4,"5":4,"6":4,"7":4,"8":4,"9":4,"10":4,"11":4},"f":{},"b":{}}
,"/home/ubuntu/Poke-Cofre/backend/src/routes/pokemon.routes.ts": {"path":"/home/ubuntu/Poke-Cofre/backend/src/routes/pokemon.routes.ts","statementMap":{"0":{"start":{"line":1,"column":0},"end":{"line":1,"column":33}},"1":{"start":{"line":2,"column":0},"end":{"line":2,"column":70}},"2":{"start":{"line":3,"column":0},"end":{"line":3,"column":62}},"3":{"start":{"line":4,"column":0},"end":{"line":4,"column":67}},"4":{"start":{"line":6,"column":15},"end":{"line":6,"column":23}},"5":{"start":{"line":65,"column":0},"end":{"line":65,"column":56}},"6":{"start":{"line":98,"column":0},"end":{"line":98,"column":60}},"7":{"start":{"line":135,"column":0},"end":{"line":135,"column":57}},"8":{"start":{"line":183,"column":0},"end":{"line":183,"column":77}},"9":{"start":{"line":214,"column":0},"end":{"line":214,"column":80}},"10":{"start":{"line":216,"column":0},"end":{"line":216,"column":22}}},"fnMap":{},"branchMap":{},"s":{"0":4,"1":4,"2":4,"3":4,"4":4,"5":4,"6":4,"7":4,"8":4,"9":4,"10":4},"f":{},"b":{}}
,"/home/ubuntu/Poke-Cofre/backend/src/routes/treinador.routes.ts": {"path":"/home/ubuntu/Poke-Cofre/backend/src/routes/treinador.routes.ts","statementMap":{"0":{"start":{"line":1,"column":0},"end":{"line":1,"column":33}},"1":{"start":{"line":2,"column":0},"end":{"line":2,"column":74}},"2":{"start":{"line":3,"column":0},"end":{"line":3,"column":62}},"3":{"start":{"line":4,"column":0},"end":{"line":4,"column":67}},"4":{"start":{"line":5,"column":0},"end":{"line":5,"column":71}},"5":{"start":{"line":7,"column":15},"end":{"line":7,"column":23}},"6":{"start":{"line":62,"column":0},"end":{"line":62,"column":62}},"7":{"start":{"line":160,"column":0},"end":{"line":160,"column":82}},"8":{"start":{"line":161,"column":0},"end":{"line":161,"column":81}},"9":{"start":{"line":162,"column":0},"end":{"line":162,"column":93}},"10":{"start":{"line":164,"column":0},"end":{"line":164,"column":22}}},"fnMap":{},"branchMap":{},"s":{"0":4,"1":4,"2":4,"3":4,"4":4,"5":4,"6":4,"7":4,"8":4,"9":4,"10":4},"f":{},"b":{}}
,"/home/ubuntu/Poke-Cofre/backend/src/services/auth.service.ts": {"path":"/home/ubuntu/Poke-Cofre/backend/src/services/auth.service.ts","statementMap":{"0":{"start":{"line":11,"column":0},"end":{"line":11,"column":22}},"1":{"start":{"line":16,"column":0},"end":{"line":16,"column":22}},"2":{"start":{"line":23,"column":0},"end":{"line":23,"column":16}},"3":{"start":{"line":27,"column":0},"end":{"line":27,"column":16}},"4":{"start":{"line":31,"column":0},"end":{"line":31,"column":22}},"5":{"start":{"line":40,"column":0},"end":{"line":40,"column":22}},"6":{"start":{"line":2,"column":0},"end":{"line":2,"column":30}},"7":{"start":{"line":3,"column":0},"end":{"line":3,"column":31}},"8":{"start":{"line":4,"column":0},"end":{"line":4,"column":28}},"9":{"start":{"line":5,"column":0},"end":{"line":5,"column":50}},"10":{"start":{"line":7,"column":0},"end":{"line":7,"column":16}},"11":{"start":{"line":9,"column":19},"end":{"line":9,"column":64}},"12":{"start":{"line":12,"column":15},"end":{"line":12,"column":39}},"13":{"start":{"line":13,"column":2},"end":{"line":13,"column":37}},"14":{"start":{"line":20,"column":2},"end":{"line":20,"column":50}},"15":{"start":{"line":24,"column":2},"end":{"line":24,"column":78}},"16":{"start":{"line":28,"column":2},"end":{"line":28,"column":39}},"17":{"start":{"line":32,"column":29},"end":{"line":32,"column":54}},"18":{"start":{"line":33,"column":24},"end":{"line":36,"column":4}},"19":{"start":{"line":37,"column":2},"end":{"line":37,"column":23}},"20":{"start":{"line":41,"column":2},"end":{"line":41,"column":48}}},"fnMap":{"0":{"name":"hashPassword","decl":{"start":{"line":11,"column":22},"end":{"line":11,"column":34}},"loc":{"start":{"line":11,"column":51},"end":{"line":14,"column":null}}},"1":{"name":"comparePassword","decl":{"start":{"line":16,"column":22},"end":{"line":16,"column":37}},"loc":{"start":{"line":18,"column":24},"end":{"line":21,"column":null}}},"2":{"name":"generateToken","decl":{"start":{"line":23,"column":16},"end":{"line":23,"column":29}},"loc":{"start":{"line":23,"column":63},"end":{"line":25,"column":1}}},"3":{"name":"verifyToken","decl":{"start":{"line":27,"column":16},"end":{"line":27,"column":27}},"loc":{"start":{"line":27,"column":41},"end":{"line":29,"column":1}}},"4":{"name":"registrarTreinador","decl":{"start":{"line":31,"column":22},"end":{"line":31,"column":40}},"loc":{"start":{"line":31,"column":68},"end":{"line":38,"column":null}}},"5":{"name":"findTreinadorByNome","decl":{"start":{"line":40,"column":22},"end":{"line":40,"column":41}},"loc":{"start":{"line":40,"column":54},"end":{"line":42,"column":null}}}},"branchMap":{"0":{"loc":{"start":{"line":9,"column":19},"end":{"line":9,"column":64}},"type":"binary-expr","locations":[{"start":{"line":9,"column":19},"end":{"line":9,"column":41}},{"start":{"line":9,"column":45},"end":{"line":9,"column":64}}]}},"s":{"0":4,"1":4,"2":4,"3":4,"4":4,"5":4,"6":4,"7":4,"8":4,"9":4,"10":4,"11":4,"12":0,"13":0,"14":0,"15":0,"16":5,"17":0,"18":0,"19":0,"20":0},"f":{"0":0,"1":0,"2":0,"3":5,"4":0,"5":0},"b":{"0":[4,0]}}
,"/home/ubuntu/Poke-Cofre/backend/src/services/batalha.service.ts": {"path":"/home/ubuntu/Poke-Cofre/backend/src/services/batalha.service.ts","statementMap":{"0":{"start":{"line":1,"column":0},"end":{"line":1,"column":46}},"1":{"start":{"line":2,"column":0},"end":{"line":2,"column":50}},"2":{"start":{"line":3,"column":0},"end":{"line":3,"column":46}},"3":{"start":{"line":14,"column":81},"end":{"line":14,"column":85}},"4":{"start":{"line":16,"column":26},"end":{"line":16,"column":67}},"5":{"start":{"line":17,"column":4},"end":{"line":19,"column":5}},"6":{"start":{"line":18,"column":6},"end":{"line":18,"column":59}},"7":{"start":{"line":20,"column":25},"end":{"line":20,"column":65}},"8":{"start":{"line":21,"column":4},"end":{"line":23,"column":5}},"9":{"start":{"line":22,"column":6},"end":{"line":22,"column":59}},"10":{"start":{"line":25,"column":26},"end":{"line":25,"column":65}},"11":{"start":{"line":26,"column":4},"end":{"line":28,"column":5}},"12":{"start":{"line":27,"column":6},"end":{"line":27,"column":60}},"13":{"start":{"line":29,"column":4},"end":{"line":31,"column":5}},"14":{"start":{"line":30,"column":6},"end":{"line":30,"column":82}},"15":{"start":{"line":33,"column":25},"end":{"line":33,"column":63}},"16":{"start":{"line":34,"column":4},"end":{"line":36,"column":5}},"17":{"start":{"line":35,"column":6},"end":{"line":35,"column":60}},"18":{"start":{"line":37,"column":4},"end":{"line":39,"column":5}},"19":{"start":{"line":38,"column":6},"end":{"line":38,"column":82}},"20":{"start":{"line":41,"column":20},"end":{"line":46,"column":6}},"21":{"start":{"line":48,"column":4},"end":{"line":48,"column":19}},"22":{"start":{"line":52,"column":24},"end":{"line":52,"column":47}},"23":{"start":{"line":53,"column":4},"end":{"line":58,"column":5}},"24":{"start":{"line":54,"column":20},"end":{"line":54,"column":45}},"25":{"start":{"line":55,"column":19},"end":{"line":55,"column":60}},"26":{"start":{"line":56,"column":21},"end":{"line":56,"column":39}},"27":{"start":{"line":57,"column":6},"end":{"line":57,"column":55}},"28":{"start":{"line":59,"column":4},"end":{"line":59,"column":23}},"29":{"start":{"line":63,"column":4},"end":{"line":63,"column":32}},"30":{"start":{"line":67,"column":20},"end":{"line":67,"column":60}},"31":{"start":{"line":68,"column":4},"end":{"line":68,"column":23}},"32":{"start":{"line":12,"column":0},"end":{"line":12,"column":13}}},"fnMap":{"0":{"name":"(anonymous_8)","decl":{"start":{"line":13,"column":2},"end":{"line":13,"column":8}},"loc":{"start":{"line":13,"column":51},"end":{"line":49,"column":null}}},"1":{"name":"(anonymous_10)","decl":{"start":{"line":51,"column":2},"end":{"line":51,"column":8}},"loc":{"start":{"line":51,"column":71},"end":{"line":60,"column":null}}},"2":{"name":"(anonymous_12)","decl":{"start":{"line":62,"column":2},"end":{"line":62,"column":8}},"loc":{"start":{"line":62,"column":40},"end":{"line":64,"column":null}}},"3":{"name":"(anonymous_14)","decl":{"start":{"line":66,"column":2},"end":{"line":66,"column":8}},"loc":{"start":{"line":66,"column":39},"end":{"line":69,"column":null}}}},"branchMap":{"0":{"loc":{"start":{"line":17,"column":4},"end":{"line":19,"column":5}},"type":"if","locations":[{"start":{"line":17,"column":4},"end":{"line":19,"column":5}}]},"1":{"loc":{"start":{"line":21,"column":4},"end":{"line":23,"column":5}},"type":"if","locations":[{"start":{"line":21,"column":4},"end":{"line":23,"column":5}}]},"2":{"loc":{"start":{"line":26,"column":4},"end":{"line":28,"column":5}},"type":"if","locations":[{"start":{"line":26,"column":4},"end":{"line":28,"column":5}}]},"3":{"loc":{"start":{"line":29,"column":4},"end":{"line":31,"column":5}},"type":"if","locations":[{"start":{"line":29,"column":4},"end":{"line":31,"column":5}}]},"4":{"loc":{"start":{"line":34,"column":4},"end":{"line":36,"column":5}},"type":"if","locations":[{"start":{"line":34,"column":4},"end":{"line":36,"column":5}}]},"5":{"loc":{"start":{"line":37,"column":4},"end":{"line":39,"column":5}},"type":"if","locations":[{"start":{"line":37,"column":4},"end":{"line":39,"column":5}}]},"6":{"loc":{"start":{"line":53,"column":4},"end":{"line":58,"column":5}},"type":"if","locations":[{"start":{"line":53,"column":4},"end":{"line":58,"column":5}}]},"7":{"loc":{"start":{"line":53,"column":8},"end":{"line":53,"column":20}},"type":"cond-expr","locations":[{"start":{"line":53,"column":13},"end":{"line":53,"column":15}},{"start":{"line":53,"column":8},"end":{"line":53,"column":20}}]},"8":{"loc":{"start":{"line":53,"column":8},"end":{"line":53,"column":15}},"type":"binary-expr","locations":[{"start":{"line":53,"column":8},"end":{"line":53,"column":15}},{"start":{"line":53,"column":8},"end":{"line":53,"column":15}}]},"9":{"loc":{"start":{"line":55,"column":19},"end":{"line":55,"column":60}},"type":"cond-expr","locations":[{"start":{"line":55,"column":32},"end":{"line":55,"column":56}},{"start":{"line":55,"column":59},"end":{"line":55,"column":60}}]}},"s":{"0":4,"1":4,"2":4,"3":0,"4":0,"5":0,"6":0,"7":0,"8":0,"9":0,"10":0,"11":0,"12":0,"13":0,"14":0,"15":0,"16":0,"17":0,"18":0,"19":0,"20":0,"21":0,"22":0,"23":0,"24":0,"25":0,"26":0,"27":0,"28":0,"29":0,"30":0,"31":0,"32":4},"f":{"0":0,"1":0,"2":0,"3":0},"b":{"0":[0],"1":[0],"2":[0],"3":[0],"4":[0],"5":[0],"6":[0],"7":[0,0],"8":[0,0],"9":[0,0]}}
,"/home/ubuntu/Poke-Cofre/backend/src/services/party.service.ts": {"path":"/home/ubuntu/Poke-Cofre/backend/src/services/party.service.ts","statementMap":{"0":{"start":{"line":2,"column":0},"end":{"line":2,"column":42}},"1":{"start":{"line":3,"column":0},"end":{"line":3,"column":50}},"2":{"start":{"line":4,"column":0},"end":{"line":4,"column":46}},"3":{"start":{"line":8,"column":20},"end":{"line":8,"column":55}},"4":{"start":{"line":9,"column":4},"end":{"line":11,"column":5}},"5":{"start":{"line":10,"column":6},"end":{"line":10,"column":50}},"6":{"start":{"line":12,"column":26},"end":{"line":12,"column":71}},"7":{"start":{"line":13,"column":4},"end":{"line":15,"column":5}},"8":{"start":{"line":14,"column":6},"end":{"line":14,"column":60}},"9":{"start":{"line":16,"column":25},"end":{"line":16,"column":66}},"10":{"start":{"line":16,"column":49},"end":{"line":16,"column":65}},"11":{"start":{"line":17,"column":4},"end":{"line":19,"column":5}},"12":{"start":{"line":18,"column":6},"end":{"line":18,"column":71}},"13":{"start":{"line":20,"column":4},"end":{"line":30,"column":5}},"14":{"start":{"line":21,"column":23},"end":{"line":21,"column":79}},"15":{"start":{"line":22,"column":6},"end":{"line":24,"column":7}},"16":{"start":{"line":23,"column":8},"end":{"line":23,"column":67}},"17":{"start":{"line":25,"column":6},"end":{"line":29,"column":7}},"18":{"start":{"line":26,"column":8},"end":{"line":28,"column":9}},"19":{"start":{"line":27,"column":10},"end":{"line":27,"column":85}},"20":{"start":{"line":31,"column":4},"end":{"line":33,"column":5}},"21":{"start":{"line":32,"column":6},"end":{"line":32,"column":30}},"22":{"start":{"line":34,"column":18},"end":{"line":37,"column":6}},"23":{"start":{"line":38,"column":4},"end":{"line":38,"column":17}},"24":{"start":{"line":42,"column":23},"end":{"line":42,"column":44}},"25":{"start":{"line":43,"column":4},"end":{"line":48,"column":5}},"26":{"start":{"line":44,"column":20},"end":{"line":44,"column":45}},"27":{"start":{"line":45,"column":19},"end":{"line":45,"column":60}},"28":{"start":{"line":46,"column":21},"end":{"line":46,"column":39}},"29":{"start":{"line":47,"column":6},"end":{"line":47,"column":54}},"30":{"start":{"line":49,"column":4},"end":{"line":49,"column":22}},"31":{"start":{"line":53,"column":4},"end":{"line":53,"column":30}},"32":{"start":{"line":57,"column":18},"end":{"line":57,"column":42}},"33":{"start":{"line":58,"column":4},"end":{"line":60,"column":5}},"34":{"start":{"line":59,"column":6},"end":{"line":59,"column":18}},"35":{"start":{"line":61,"column":25},"end":{"line":61,"column":66}},"36":{"start":{"line":61,"column":49},"end":{"line":61,"column":65}},"37":{"start":{"line":62,"column":4},"end":{"line":64,"column":5}},"38":{"start":{"line":63,"column":6},"end":{"line":63,"column":71}},"39":{"start":{"line":65,"column":4},"end":{"line":75,"column":5}},"40":{"start":{"line":66,"column":23},"end":{"line":66,"column":79}},"41":{"start":{"line":67,"column":6},"end":{"line":69,"column":7}},"42":{"start":{"line":68,"column":8},"end":{"line":68,"column":67}},"43":{"start":{"line":70,"column":6},"end":{"line":74,"column":7}},"44":{"start":{"line":71,"column":8},"end":{"line":73,"column":9}},"45":{"start":{"line":72,"column":10},"end":{"line":72,"column":90}},"46":{"start":{"line":76,"column":4},"end":{"line":78,"column":5}},"47":{"start":{"line":77,"column":6},"end":{"line":77,"column":30}},"48":{"start":{"line":79,"column":4},"end":{"line":79,"column":53}},"49":{"start":{"line":80,"column":4},"end":{"line":80,"column":17}},"50":{"start":{"line":84,"column":20},"end":{"line":84,"column":58}},"51":{"start":{"line":85,"column":4},"end":{"line":85,"column":23}},"52":{"start":{"line":6,"column":0},"end":{"line":6,"column":13}}},"fnMap":{"0":{"name":"(anonymous_8)","decl":{"start":{"line":7,"column":2},"end":{"line":7,"column":8}},"loc":{"start":{"line":7,"column":66},"end":{"line":39,"column":null}}},"1":{"name":"(anonymous_10)","decl":{"start":{"line":16,"column":43},"end":{"line":16,"column":45}},"loc":{"start":{"line":16,"column":49},"end":{"line":16,"column":65}}},"2":{"name":"(anonymous_11)","decl":{"start":{"line":41,"column":2},"end":{"line":41,"column":8}},"loc":{"start":{"line":41,"column":70},"end":{"line":50,"column":null}}},"3":{"name":"(anonymous_13)","decl":{"start":{"line":52,"column":2},"end":{"line":52,"column":8}},"loc":{"start":{"line":52,"column":38},"end":{"line":54,"column":null}}},"4":{"name":"(anonymous_15)","decl":{"start":{"line":56,"column":2},"end":{"line":56,"column":8}},"loc":{"start":{"line":56,"column":59},"end":{"line":81,"column":null}}},"5":{"name":"(anonymous_17)","decl":{"start":{"line":61,"column":43},"end":{"line":61,"column":45}},"loc":{"start":{"line":61,"column":49},"end":{"line":61,"column":65}}},"6":{"name":"(anonymous_18)","decl":{"start":{"line":83,"column":2},"end":{"line":83,"column":8}},"loc":{"start":{"line":83,"column":37},"end":{"line":86,"column":null}}}},"branchMap":{"0":{"loc":{"start":{"line":9,"column":4},"end":{"line":11,"column":5}},"type":"if","locations":[{"start":{"line":9,"column":4},"end":{"line":11,"column":5}}]},"1":{"loc":{"start":{"line":13,"column":4},"end":{"line":15,"column":5}},"type":"if","locations":[{"start":{"line":13,"column":4},"end":{"line":15,"column":5}}]},"2":{"loc":{"start":{"line":17,"column":4},"end":{"line":19,"column":5}},"type":"if","locations":[{"start":{"line":17,"column":4},"end":{"line":19,"column":5}}]},"3":{"loc":{"start":{"line":20,"column":4},"end":{"line":30,"column":5}},"type":"if","locations":[{"start":{"line":20,"column":4},"end":{"line":30,"column":5}}]},"4":{"loc":{"start":{"line":22,"column":6},"end":{"line":24,"column":7}},"type":"if","locations":[{"start":{"line":22,"column":6},"end":{"line":24,"column":7}}]},"5":{"loc":{"start":{"line":26,"column":8},"end":{"line":28,"column":9}},"type":"if","locations":[{"start":{"line":26,"column":8},"end":{"line":28,"column":9}}]},"6":{"loc":{"start":{"line":43,"column":4},"end":{"line":48,"column":5}},"type":"if","locations":[{"start":{"line":43,"column":4},"end":{"line":48,"column":5}}]},"7":{"loc":{"start":{"line":43,"column":8},"end":{"line":43,"column":20}},"type":"cond-expr","locations":[{"start":{"line":43,"column":13},"end":{"line":43,"column":15}},{"start":{"line":43,"column":8},"end":{"line":43,"column":20}}]},"8":{"loc":{"start":{"line":43,"column":8},"end":{"line":43,"column":15}},"type":"binary-expr","locations":[{"start":{"line":43,"column":8},"end":{"line":43,"column":15}},{"start":{"line":43,"column":8},"end":{"line":43,"column":15}}]},"9":{"loc":{"start":{"line":45,"column":19},"end":{"line":45,"column":60}},"type":"cond-expr","locations":[{"start":{"line":45,"column":32},"end":{"line":45,"column":56}},{"start":{"line":45,"column":59},"end":{"line":45,"column":60}}]},"10":{"loc":{"start":{"line":58,"column":4},"end":{"line":60,"column":5}},"type":"if","locations":[{"start":{"line":58,"column":4},"end":{"line":60,"column":5}}]},"11":{"loc":{"start":{"line":62,"column":4},"end":{"line":64,"column":5}},"type":"if","locations":[{"start":{"line":62,"column":4},"end":{"line":64,"column":5}}]},"12":{"loc":{"start":{"line":65,"column":4},"end":{"line":75,"column":5}},"type":"if","locations":[{"start":{"line":65,"column":4},"end":{"line":75,"column":5}}]},"13":{"loc":{"start":{"line":67,"column":6},"end":{"line":69,"column":7}},"type":"if","locations":[{"start":{"line":67,"column":6},"end":{"line":69,"column":7}}]},"14":{"loc":{"start":{"line":71,"column":8},"end":{"line":73,"column":9}},"type":"if","locations":[{"start":{"line":71,"column":8},"end":{"line":73,"column":9}}]}},"s":{"0":4,"1":4,"2":4,"3":0,"4":0,"5":0,"6":0,"7":0,"8":0,"9":0,"10":0,"11":0,"12":0,"13":0,"14":0,"15":0,"16":0,"17":0,"18":0,"19":0,"20":0,"21":0,"22":0,"23":0,"24":0,"25":0,"26":0,"27":0,"28":0,"29":0,"30":0,"31":0,"32":0,"33":0,"34":0,"35":0,"36":0,"37":0,"38":0,"39":0,"40":0,"41":0,"42":0,"43":0,"44":0,"45":0,"46":0,"47":0,"48":0,"49":0,"50":0,"51":0,"52":4},"f":{"0":0,"1":0,"2":0,"3":0,"4":0,"5":0,"6":0},"b":{"0":[0],"1":[0],"2":[0],"3":[0],"4":[0],"5":[0],"6":[0],"7":[0,0],"8":[0,0],"9":[0,0],"10":[0],"11":[0],"12":[0],"13":[0],"14":[0]}}
,"/home/ubuntu/Poke-Cofre/backend/src/services/pokemon.services.ts": {"path":"/home/ubuntu/Poke-Cofre/backend/src/services/pokemon.services.ts","statementMap":{"0":{"start":{"line":2,"column":0},"end":{"line":2,"column":26}},"1":{"start":{"line":3,"column":0},"end":{"line":3,"column":46}},"2":{"start":{"line":4,"column":0},"end":{"line":4,"column":50}},"3":{"start":{"line":19,"column":20},"end":{"line":19,"column":60}},"4":{"start":{"line":20,"column":4},"end":{"line":22,"column":5}},"5":{"start":{"line":21,"column":6},"end":{"line":21,"column":50}},"6":{"start":{"line":23,"column":21},"end":{"line":23,"column":100}},"7":{"start":{"line":24,"column":21},"end":{"line":24,"column":34}},"8":{"start":{"line":25,"column":23},"end":{"line":29,"column":6}},"9":{"start":{"line":30,"column":4},"end":{"line":30,"column":22}},"10":{"start":{"line":33,"column":30},"end":{"line":54,"column":null}},"11":{"start":{"line":34,"column":19},"end":{"line":34,"column":42}},"12":{"start":{"line":36,"column":4},"end":{"line":44,"column":5}},"13":{"start":{"line":37,"column":21},"end":{"line":37,"column":45}},"14":{"start":{"line":38,"column":6},"end":{"line":43,"column":9}},"15":{"start":{"line":39,"column":27},"end":{"line":39,"column":83}},"16":{"start":{"line":40,"column":22},"end":{"line":40,"column":39}},"17":{"start":{"line":41,"column":8},"end":{"line":41,"column":58}},"18":{"start":{"line":41,"column":45},"end":{"line":41,"column":58}},"19":{"start":{"line":42,"column":8},"end":{"line":42,"column":78}},"20":{"start":{"line":42,"column":38},"end":{"line":42,"column":77}},"21":{"start":{"line":46,"column":4},"end":{"line":51,"column":5}},"22":{"start":{"line":47,"column":20},"end":{"line":47,"column":45}},"23":{"start":{"line":48,"column":19},"end":{"line":48,"column":60}},"24":{"start":{"line":49,"column":21},"end":{"line":49,"column":39}},"25":{"start":{"line":50,"column":6},"end":{"line":50,"column":56}},"26":{"start":{"line":53,"column":4},"end":{"line":53,"column":20}},"27":{"start":{"line":59,"column":4},"end":{"line":59,"column":38}},"28":{"start":{"line":63,"column":20},"end":{"line":63,"column":46}},"29":{"start":{"line":64,"column":4},"end":{"line":64,"column":30}},"30":{"start":{"line":64,"column":18},"end":{"line":64,"column":30}},"31":{"start":{"line":65,"column":4},"end":{"line":68,"column":5}},"32":{"start":{"line":66,"column":23},"end":{"line":66,"column":102}},"33":{"start":{"line":67,"column":6},"end":{"line":67,"column":35}},"34":{"start":{"line":69,"column":4},"end":{"line":71,"column":5}},"35":{"start":{"line":70,"column":6},"end":{"line":70,"column":39}},"36":{"start":{"line":72,"column":4},"end":{"line":72,"column":25}},"37":{"start":{"line":73,"column":4},"end":{"line":73,"column":19}},"38":{"start":{"line":77,"column":25},"end":{"line":77,"column":65}},"39":{"start":{"line":78,"column":4},"end":{"line":78,"column":28}},"40":{"start":{"line":17,"column":0},"end":{"line":17,"column":13}}},"fnMap":{"0":{"name":"(anonymous_8)","decl":{"start":{"line":18,"column":2},"end":{"line":18,"column":8}},"loc":{"start":{"line":18,"column":51},"end":{"line":31,"column":null}}},"1":{"name":"(anonymous_10)","decl":{"start":{"line":33,"column":2},"end":{"line":33,"column":8}},"loc":{"start":{"line":33,"column":29},"end":{"line":54,"column":null}}},"2":{"name":"(anonymous_11)","decl":{"start":{"line":33,"column":30},"end":{"line":33,"column":88}},"loc":{"start":{"line":33,"column":90},"end":{"line":54,"column":3}}},"3":{"name":"(anonymous_12)","decl":{"start":{"line":38,"column":33},"end":{"line":38,"column":34}},"loc":{"start":{"line":38,"column":37},"end":{"line":43,"column":7}}},"4":{"name":"(anonymous_13)","decl":{"start":{"line":42,"column":26},"end":{"line":42,"column":27}},"loc":{"start":{"line":42,"column":37},"end":{"line":42,"column":77}}},"5":{"name":"(anonymous_14)","decl":{"start":{"line":58,"column":2},"end":{"line":58,"column":8}},"loc":{"start":{"line":58,"column":40},"end":{"line":60,"column":null}}},"6":{"name":"(anonymous_16)","decl":{"start":{"line":62,"column":2},"end":{"line":62,"column":8}},"loc":{"start":{"line":62,"column":63},"end":{"line":74,"column":null}}},"7":{"name":"(anonymous_18)","decl":{"start":{"line":76,"column":2},"end":{"line":76,"column":8}},"loc":{"start":{"line":76,"column":39},"end":{"line":79,"column":null}}}},"branchMap":{"0":{"loc":{"start":{"line":20,"column":4},"end":{"line":22,"column":5}},"type":"if","locations":[{"start":{"line":20,"column":4},"end":{"line":22,"column":5}}]},"1":{"loc":{"start":{"line":26,"column":16},"end":{"line":26,"column":37}},"type":"binary-expr","locations":[{"start":{"line":26,"column":16},"end":{"line":26,"column":29}},{"start":{"line":26,"column":33},"end":{"line":26,"column":37}}]},"2":{"loc":{"start":{"line":33,"column":30},"end":{"line":33,"column":90}},"type":"default-arg","locations":[{"start":{"line":33,"column":88},"end":{"line":33,"column":90}}]},"3":{"loc":{"start":{"line":36,"column":4},"end":{"line":44,"column":5}},"type":"if","locations":[{"start":{"line":36,"column":4},"end":{"line":44,"column":5}}]},"4":{"loc":{"start":{"line":39,"column":27},"end":{"line":39,"column":83}},"type":"cond-expr","locations":[{"start":{"line":39,"column":56},"end":{"line":39,"column":74}},{"start":{"line":39,"column":77},"end":{"line":39,"column":83}}]},"5":{"loc":{"start":{"line":40,"column":22},"end":{"line":40,"column":39}},"type":"cond-expr","locations":[{"start":{"line":40,"column":32},"end":{"line":40,"column":34}},{"start":{"line":40,"column":22},"end":{"line":40,"column":39}}]},"6":{"loc":{"start":{"line":40,"column":22},"end":{"line":40,"column":34}},"type":"binary-expr","locations":[{"start":{"line":40,"column":22},"end":{"line":40,"column":34}},{"start":{"line":40,"column":22},"end":{"line":40,"column":34}}]},"7":{"loc":{"start":{"line":41,"column":8},"end":{"line":41,"column":58}},"type":"if","locations":[{"start":{"line":41,"column":8},"end":{"line":41,"column":58}}]},"8":{"loc":{"start":{"line":41,"column":12},"end":{"line":41,"column":43}},"type":"binary-expr","locations":[{"start":{"line":41,"column":12},"end":{"line":41,"column":18}},{"start":{"line":41,"column":22},"end":{"line":41,"column":43}}]},"9":{"loc":{"start":{"line":42,"column":38},"end":{"line":42,"column":65}},"type":"cond-expr","locations":[{"start":{"line":42,"column":50},"end":{"line":42,"column":52}},{"start":{"line":42,"column":50},"end":{"line":42,"column":65}}]},"10":{"loc":{"start":{"line":42,"column":38},"end":{"line":42,"column":52}},"type":"binary-expr","locations":[{"start":{"line":42,"column":38},"end":{"line":42,"column":52}},{"start":{"line":42,"column":50},"end":{"line":42,"column":52}}]},"11":{"loc":{"start":{"line":42,"column":38},"end":{"line":42,"column":50}},"type":"cond-expr","locations":[{"start":{"line":42,"column":44},"end":{"line":42,"column":46}},{"start":{"line":42,"column":44},"end":{"line":42,"column":50}}]},"12":{"loc":{"start":{"line":42,"column":38},"end":{"line":42,"column":46}},"type":"binary-expr","locations":[{"start":{"line":42,"column":38},"end":{"line":42,"column":46}},{"start":{"line":42,"column":44},"end":{"line":42,"column":46}}]},"13":{"loc":{"start":{"line":46,"column":4},"end":{"line":51,"column":5}},"type":"if","locations":[{"start":{"line":46,"column":4},"end":{"line":51,"column":5}}]},"14":{"loc":{"start":{"line":48,"column":19},"end":{"line":48,"column":60}},"type":"cond-expr","locations":[{"start":{"line":48,"column":32},"end":{"line":48,"column":56}},{"start":{"line":48,"column":59},"end":{"line":48,"column":60}}]},"15":{"loc":{"start":{"line":64,"column":4},"end":{"line":64,"column":30}},"type":"if","locations":[{"start":{"line":64,"column":4},"end":{"line":64,"column":30}}]},"16":{"loc":{"start":{"line":65,"column":4},"end":{"line":68,"column":5}},"type":"if","locations":[{"start":{"line":65,"column":4},"end":{"line":68,"column":5}}]},"17":{"loc":{"start":{"line":69,"column":4},"end":{"line":71,"column":5}},"type":"if","locations":[{"start":{"line":69,"column":4},"end":{"line":71,"column":5}}]}},"s":{"0":4,"1":4,"2":4,"3":0,"4":0,"5":0,"6":0,"7":0,"8":0,"9":0,"10":0,"11":0,"12":0,"13":0,"14":0,"15":0,"16":0,"17":0,"18":0,"19":0,"20":0,"21":0,"22":0,"23":0,"24":0,"25":0,"26":0,"27":0,"28":0,"29":0,"30":0,"31":0,"32":0,"33":0,"34":0,"35":0,"36":0,"37":0,"38":0,"39":0,"40":4},"f":{"0":0,"1":0,"2":0,"3":0,"4":0,"5":0,"6":0,"7":0},"b":{"0":[0],"1":[0,0],"2":[0],"3":[0],"4":[0,0],"5":[0,0],"6":[0,0],"7":[0],"8":[0,0],"9":[0,0],"10":[0,0],"11":[0,0],"12":[0,0],"13":[0],"14":[0,0],"15":[0],"16":[0],"17":[0]}}
,"/home/ubuntu/Poke-Cofre/backend/src/services/treinador.service.ts": {"path":"/home/ubuntu/Poke-Cofre/backend/src/services/treinador.service.ts","statementMap":{"0":{"start":{"line":2,"column":0},"end":{"line":2,"column":50}},"1":{"start":{"line":11,"column":22},"end":{"line":11,"column":59}},"2":{"start":{"line":12,"column":4},"end":{"line":12,"column":21}},"3":{"start":{"line":16,"column":27},"end":{"line":16,"column":52}},"4":{"start":{"line":17,"column":4},"end":{"line":22,"column":5}},"5":{"start":{"line":18,"column":20},"end":{"line":18,"column":45}},"6":{"start":{"line":19,"column":19},"end":{"line":19,"column":60}},"7":{"start":{"line":20,"column":21},"end":{"line":20,"column":39}},"8":{"start":{"line":21,"column":6},"end":{"line":21,"column":58}},"9":{"start":{"line":23,"column":4},"end":{"line":23,"column":26}},"10":{"start":{"line":27,"column":4},"end":{"line":27,"column":34}},"11":{"start":{"line":31,"column":22},"end":{"line":31,"column":50}},"12":{"start":{"line":32,"column":4},"end":{"line":32,"column":32}},"13":{"start":{"line":32,"column":20},"end":{"line":32,"column":32}},"14":{"start":{"line":33,"column":4},"end":{"line":33,"column":42}},"15":{"start":{"line":34,"column":4},"end":{"line":34,"column":21}},"16":{"start":{"line":38,"column":25},"end":{"line":38,"column":67}},"17":{"start":{"line":39,"column":4},"end":{"line":39,"column":28}},"18":{"start":{"line":9,"column":0},"end":{"line":9,"column":13}}},"fnMap":{"0":{"name":"(anonymous_8)","decl":{"start":{"line":10,"column":2},"end":{"line":10,"column":8}},"loc":{"start":{"line":10,"column":58},"end":{"line":13,"column":null}}},"1":{"name":"(anonymous_10)","decl":{"start":{"line":15,"column":2},"end":{"line":15,"column":8}},"loc":{"start":{"line":15,"column":74},"end":{"line":24,"column":null}}},"2":{"name":"(anonymous_12)","decl":{"start":{"line":26,"column":2},"end":{"line":26,"column":8}},"loc":{"start":{"line":26,"column":42},"end":{"line":28,"column":null}}},"3":{"name":"(anonymous_14)","decl":{"start":{"line":30,"column":2},"end":{"line":30,"column":8}},"loc":{"start":{"line":30,"column":70},"end":{"line":35,"column":null}}},"4":{"name":"(anonymous_16)","decl":{"start":{"line":37,"column":2},"end":{"line":37,"column":8}},"loc":{"start":{"line":37,"column":41},"end":{"line":40,"column":null}}}},"branchMap":{"0":{"loc":{"start":{"line":17,"column":4},"end":{"line":22,"column":5}},"type":"if","locations":[{"start":{"line":17,"column":4},"end":{"line":22,"column":5}}]},"1":{"loc":{"start":{"line":17,"column":8},"end":{"line":17,"column":20}},"type":"cond-expr","locations":[{"start":{"line":17,"column":13},"end":{"line":17,"column":15}},{"start":{"line":17,"column":8},"end":{"line":17,"column":20}}]},"2":{"loc":{"start":{"line":17,"column":8},"end":{"line":17,"column":15}},"type":"binary-expr","locations":[{"start":{"line":17,"column":8},"end":{"line":17,"column":15}},{"start":{"line":17,"column":8},"end":{"line":17,"column":15}}]},"3":{"loc":{"start":{"line":19,"column":19},"end":{"line":19,"column":60}},"type":"cond-expr","locations":[{"start":{"line":19,"column":32},"end":{"line":19,"column":56}},{"start":{"line":19,"column":59},"end":{"line":19,"column":60}}]},"4":{"loc":{"start":{"line":32,"column":4},"end":{"line":32,"column":32}},"type":"if","locations":[{"start":{"line":32,"column":4},"end":{"line":32,"column":32}}]}},"s":{"0":4,"1":0,"2":0,"3":0,"4":0,"5":0,"6":0,"7":0,"8":0,"9":0,"10":1,"11":1,"12":1,"13":1,"14":0,"15":0,"16":1,"17":1,"18":4},"f":{"0":0,"1":0,"2":1,"3":1,"4":1},"b":{"0":[0],"1":[0,0],"2":[0,0],"3":[0,0],"4":[1]}}
,"/home/ubuntu/Poke-Cofre/backend/src/utils/asynchandler.ts": {"path":"/home/ubuntu/Poke-Cofre/backend/src/utils/asynchandler.ts","statementMap":{"0":{"start":{"line":4,"column":28},"end":{"line":8,"column":1}},"1":{"start":{"line":5,"column":2},"end":{"line":7,"column":4}},"2":{"start":{"line":6,"column":4},"end":{"line":6,"column":52}},"3":{"start":{"line":4,"column":13},"end":{"line":4,"column":28}}},"fnMap":{"0":{"name":"(anonymous_0)","decl":{"start":{"line":4,"column":28},"end":{"line":4,"column":29}},"loc":{"start":{"line":4,"column":118},"end":{"line":8,"column":1}}},"1":{"name":"(anonymous_1)","decl":{"start":{"line":5,"column":9},"end":{"line":5,"column":10}},"loc":{"start":{"line":5,"column":28},"end":{"line":7,"column":3}}}},"branchMap":{},"s":{"0":4,"1":8,"2":0,"3":4},"f":{"0":8,"1":0},"b":{}}
}
