TN:
SF:src/app.ts
FNF:0
FNH:0
DA:2,3
DA:3,3
DA:4,3
DA:5,3
DA:6,3
DA:7,3
DA:8,3
DA:10,3
DA:12,3
DA:14,3
DA:15,3
DA:16,3
DA:17,3
DA:18,3
DA:20,3
DA:22,3
LF:16
LH:16
BRF:0
BRH:0
end_of_record
TN:
SF:src/config/db.ts
FNF:0
FNH:0
DA:1,3
DA:2,3
DA:4,3
DA:6,3
DA:14,0
DA:17,3
DA:27,3
LF:7
LH:6
BRDA:6,0,0,0
BRDA:7,1,0,3
BRDA:7,1,1,3
BRDA:7,1,2,3
BRDA:7,1,3,3
BRDA:7,1,4,3
BRDA:7,1,5,3
BRF:7
BRH:6
end_of_record
TN:
SF:src/config/swagger.ts
FN:73,(anonymous_1)
FN:75,(anonymous_2)
FNF:2
FNH:1
FNDA:3,(anonymous_1)
FNDA:0,(anonymous_2)
DA:1,3
DA:2,3
DA:5,3
DA:71,3
DA:73,3
DA:74,3
DA:75,3
DA:76,0
DA:77,0
DA:81,3
LF:10
LH:8
BRF:0
BRH:0
end_of_record
TN:
SF:src/controllers/auth.controller.ts
FN:12,(anonymous_7)
FN:45,(anonymous_9)
FNF:2
FNH:0
FNDA:0,(anonymous_7)
FNDA:0,(anonymous_9)
DA:3,3
DA:10,3
DA:13,0
DA:14,0
DA:15,0
DA:16,0
DA:22,0
DA:23,0
DA:24,0
DA:29,0
DA:30,0
DA:38,0
DA:46,0
DA:47,0
DA:48,0
DA:49,0
DA:55,0
DA:56,0
DA:57,0
DA:62,0
DA:63,0
DA:64,0
DA:69,0
DA:71,0
DA:76,0
LF:25
LH:2
BRDA:15,0,0,0
BRDA:15,1,0,0
BRDA:15,1,1,0
BRDA:23,2,0,0
BRDA:48,3,0,0
BRDA:48,4,0,0
BRDA:48,4,1,0
BRDA:56,5,0,0
BRDA:63,6,0,0
BRF:9
BRH:0
end_of_record
TN:
SF:src/controllers/batalha.controller.ts
FN:5,(anonymous_7)
FN:24,(anonymous_9)
FN:33,(anonymous_11)
FN:47,(anonymous_13)
FNF:4
FNH:0
FNDA:0,(anonymous_7)
FNDA:0,(anonymous_9)
FNDA:0,(anonymous_11)
FNDA:0,(anonymous_13)
DA:2,3
DA:4,3
DA:6,0
DA:7,0
DA:8,0
DA:9,0
DA:10,0
DA:12,0
DA:18,0
DA:20,0
DA:25,0
DA:26,0
DA:27,0
DA:29,0
DA:34,0
DA:35,0
DA:36,0
DA:37,0
DA:38,0
DA:39,0
DA:41,0
DA:43,0
DA:48,0
DA:49,0
DA:50,0
DA:51,0
DA:52,0
DA:53,0
DA:55,0
DA:57,0
LF:30
LH:2
BRDA:8,0,0,0
BRDA:8,1,0,0
BRDA:8,1,1,0
BRDA:8,1,2,0
BRDA:8,1,3,0
BRDA:20,2,0,0
BRDA:20,2,1,0
BRDA:37,3,0,0
BRDA:51,4,0,0
BRF:9
BRH:0
end_of_record
TN:
SF:src/controllers/party.controller.ts
FN:6,(anonymous_7)
FN:15,(anonymous_9)
FN:29,(anonymous_11)
FN:43,(anonymous_13)
FN:62,(anonymous_15)
FNF:5
FNH:0
FNDA:0,(anonymous_7)
FNDA:0,(anonymous_9)
FNDA:0,(anonymous_11)
FNDA:0,(anonymous_13)
FNDA:0,(anonymous_15)
DA:3,3
DA:5,3
DA:7,0
DA:8,0
DA:9,0
DA:11,0
DA:16,0
DA:17,0
DA:18,0
DA:19,0
DA:20,0
DA:21,0
DA:23,0
DA:25,0
DA:30,0
DA:31,0
DA:32,0
DA:33,0
DA:34,0
DA:36,0
DA:37,0
DA:39,0
DA:44,0
DA:45,0
DA:46,0
DA:47,0
DA:48,0
DA:49,0
DA:51,0
DA:52,0
DA:53,0
DA:54,0
DA:56,0
DA:58,0
DA:63,0
DA:64,0
DA:65,0
DA:66,0
DA:67,0
DA:68,0
DA:70,0
DA:72,0
LF:42
LH:2
BRDA:19,0,0,0
BRDA:32,1,0,0
BRDA:32,2,0,0
BRDA:32,2,1,0
BRDA:39,3,0,0
BRDA:39,3,1,0
BRDA:47,4,0,0
BRDA:52,5,0,0
BRDA:58,6,0,0
BRDA:58,6,1,0
BRDA:66,7,0,0
BRF:11
BRH:0
end_of_record
TN:
SF:src/controllers/pokemon.controller.ts
FN:6,(anonymous_7)
FN:15,(anonymous_9)
FN:29,(anonymous_11)
FN:49,(anonymous_13)
FN:64,(anonymous_15)
FNF:5
FNH:0
FNDA:0,(anonymous_7)
FNDA:0,(anonymous_9)
FNDA:0,(anonymous_11)
FNDA:0,(anonymous_13)
FNDA:0,(anonymous_15)
DA:3,3
DA:5,3
DA:7,0
DA:8,0
DA:9,0
DA:11,0
DA:16,0
DA:17,0
DA:18,0
DA:19,0
DA:20,0
DA:21,0
DA:23,0
DA:25,0
DA:30,0
DA:31,0
DA:32,0
DA:33,0
DA:34,0
DA:36,0
DA:37,0
DA:39,0
DA:40,0
DA:41,0
DA:42,0
DA:44,0
DA:50,0
DA:51,0
DA:52,0
DA:53,0
DA:54,0
DA:55,0
DA:56,0
DA:58,0
DA:60,0
DA:65,0
DA:66,0
DA:67,0
DA:68,0
DA:69,0
DA:70,0
DA:72,0
DA:74,0
LF:43
LH:2
BRDA:19,0,0,0
BRDA:32,1,0,0
BRDA:32,2,0,0
BRDA:32,2,1,0
BRDA:39,3,0,0
BRDA:39,3,1,0
BRDA:41,4,0,0
BRDA:41,4,1,0
BRDA:41,5,0,0
BRDA:41,5,1,0
BRDA:54,6,0,0
BRDA:68,7,0,0
BRF:12
BRH:0
end_of_record
TN:
SF:src/controllers/treinador.controller.ts
FN:6,(anonymous_7)
FN:16,(anonymous_9)
FN:30,(anonymous_11)
FN:40,(anonymous_13)
FN:55,(anonymous_15)
FNF:5
FNH:0
FNDA:0,(anonymous_7)
FNDA:0,(anonymous_9)
FNDA:0,(anonymous_11)
FNDA:0,(anonymous_13)
FNDA:0,(anonymous_15)
DA:3,3
DA:5,3
DA:7,0
DA:9,0
DA:10,0
DA:12,0
DA:17,0
DA:18,0
DA:19,0
DA:20,0
DA:21,0
DA:22,0
DA:24,0
DA:26,0
DA:31,0
DA:32,0
DA:33,0
DA:34,0
DA:36,0
DA:41,0
DA:42,0
DA:43,0
DA:44,0
DA:45,0
DA:46,0
DA:47,0
DA:49,0
DA:51,0
DA:56,0
DA:57,0
DA:58,0
DA:59,0
DA:60,0
DA:61,0
DA:63,0
DA:65,0
LF:36
LH:2
BRDA:20,0,0,0
BRDA:45,1,0,0
BRDA:59,2,0,0
BRF:3
BRH:0
end_of_record
TN:
SF:src/middlewares/auth.middleware.ts
FN:5,(anonymous_0)
FNF:1
FNH:1
FNDA:11,(anonymous_0)
DA:3,3
DA:5,3
DA:6,11
DA:7,11
DA:8,11
DA:9,8
DA:10,8
DA:13,3
DA:14,3
DA:15,0
DA:16,0
DA:19,3
DA:20,3
DA:21,0
DA:22,0
DA:25,3
DA:26,3
DA:27,3
DA:28,3
DA:31,0
DA:32,0
DA:34,0
LF:22
LH:15
BRDA:8,0,0,8
BRDA:14,1,0,0
BRDA:20,2,0,0
BRDA:26,3,0,3
BRDA:26,4,0,3
BRDA:26,4,1,3
BRF:6
BRH:4
end_of_record
TN:
SF:src/middlewares/authenticateBill.ts
FN:5,(anonymous_0)
FNF:1
FNH:1
FNDA:1,(anonymous_0)
DA:3,3
DA:5,3
DA:6,1
DA:7,1
DA:8,1
DA:9,0
DA:10,0
DA:13,1
DA:14,1
DA:15,0
DA:16,0
DA:19,1
DA:20,1
DA:21,0
DA:22,0
DA:25,1
DA:26,1
DA:27,0
DA:28,0
DA:31,1
DA:32,1
DA:33,1
DA:36,0
DA:37,0
DA:38,0
DA:40,0
LF:26
LH:14
BRDA:8,0,0,0
BRDA:14,1,0,0
BRDA:20,2,0,0
BRDA:26,3,0,0
BRDA:26,4,0,1
BRDA:26,4,1,1
BRDA:31,5,0,1
BRF:7
BRH:3
end_of_record
TN:
SF:src/middlewares/authorizeParty.ts
FN:4,(anonymous_0)
FNF:1
FNH:0
FNDA:0,(anonymous_0)
DA:4,3
DA:5,0
DA:6,0
DA:7,0
DA:8,0
DA:9,0
DA:11,0
DA:12,0
DA:13,0
DA:15,0
LF:10
LH:1
BRDA:8,0,0,0
BRDA:11,1,0,0
BRDA:11,2,0,0
BRDA:11,2,1,0
BRF:4
BRH:0
end_of_record
TN:
SF:src/middlewares/authorizePokemon.ts
FN:3,(anonymous_0)
FNF:1
FNH:0
FNDA:0,(anonymous_0)
DA:3,3
DA:4,0
DA:5,0
DA:6,0
DA:7,0
DA:8,0
DA:10,0
DA:11,0
DA:12,0
DA:14,0
LF:10
LH:1
BRDA:7,0,0,0
BRDA:10,1,0,0
BRDA:10,2,0,0
BRDA:10,2,1,0
BRF:4
BRH:0
end_of_record
TN:
SF:src/middlewares/authorizeTrainador.ts
FN:4,(anonymous_0)
FNF:1
FNH:0
FNDA:0,(anonymous_0)
DA:4,3
DA:5,0
DA:6,0
DA:7,0
DA:9,0
DA:10,0
DA:13,0
DA:14,0
DA:17,0
DA:20,0
LF:10
LH:1
BRDA:9,0,0,0
BRDA:13,1,0,0
BRF:2
BRH:0
end_of_record
TN:
SF:src/models/batalha.model.ts
FNF:0
FNH:0
DA:1,3
DA:2,3
DA:24,3
DA:61,3
LF:4
LH:4
BRF:0
BRH:0
end_of_record
TN:
SF:src/models/party.model.ts
FNF:0
FNH:0
DA:1,3
DA:2,3
DA:3,3
DA:20,3
DA:45,3
DA:46,3
DA:48,3
LF:7
LH:7
BRF:0
BRH:0
end_of_record
TN:
SF:src/models/pokemon.model.ts
FNF:0
FNH:0
DA:1,3
DA:2,3
DA:11,3
DA:39,3
LF:4
LH:4
BRF:0
BRH:0
end_of_record
TN:
SF:src/models/treinador.model.ts
FNF:0
FNH:0
DA:2,3
DA:3,3
DA:21,3
DA:45,3
LF:4
LH:4
BRF:0
BRH:0
end_of_record
TN:
SF:src/routes/auth.routes.ts
FNF:0
FNH:0
DA:2,3
DA:3,3
DA:4,3
DA:6,3
DA:57,3
DA:96,3
DA:98,3
LF:7
LH:7
BRF:0
BRH:0
end_of_record
TN:
SF:src/routes/batalha.routes.ts
FNF:0
FNH:0
DA:1,3
DA:2,3
DA:3,3
DA:5,3
DA:151,3
DA:152,3
DA:153,3
DA:154,3
DA:156,3
LF:9
LH:9
BRF:0
BRH:0
end_of_record
TN:
SF:src/routes/party.routes.ts
FNF:0
FNH:0
DA:1,3
DA:2,3
DA:3,3
DA:4,3
DA:5,3
DA:7,3
DA:196,3
DA:197,3
DA:198,3
DA:199,3
DA:200,3
DA:202,3
LF:12
LH:12
BRF:0
BRH:0
end_of_record
TN:
SF:src/routes/pokemon.routes.ts
FNF:0
FNH:0
DA:1,3
DA:2,3
DA:3,3
DA:4,3
DA:6,3
DA:65,3
DA:98,3
DA:135,3
DA:183,3
DA:214,3
DA:216,3
LF:11
LH:11
BRF:0
BRH:0
end_of_record
TN:
SF:src/routes/treinador.routes.ts
FNF:0
FNH:0
DA:1,3
DA:2,3
DA:3,3
DA:4,3
DA:5,3
DA:7,3
DA:62,3
DA:160,3
DA:161,3
DA:162,3
DA:164,3
LF:11
LH:11
BRF:0
BRH:0
end_of_record
TN:
SF:src/services/auth.service.ts
FN:11,hashPassword
FN:16,comparePassword
FN:23,generateToken
FN:27,verifyToken
FN:31,registrarTreinador
FN:40,findTreinadorByNome
FNF:6
FNH:1
FNDA:0,hashPassword
FNDA:0,comparePassword
FNDA:0,generateToken
FNDA:4,verifyToken
FNDA:0,registrarTreinador
FNDA:0,findTreinadorByNome
DA:2,3
DA:3,3
DA:4,3
DA:5,3
DA:7,3
DA:9,3
DA:11,3
DA:12,0
DA:13,0
DA:16,3
DA:20,0
DA:23,3
DA:24,0
DA:27,3
DA:28,4
DA:31,3
DA:32,0
DA:33,0
DA:37,0
DA:40,3
DA:41,0
LF:21
LH:13
BRDA:9,0,0,3
BRDA:9,0,1,0
BRF:2
BRH:1
end_of_record
TN:
SF:src/services/batalha.service.ts
FN:13,(anonymous_8)
FN:51,(anonymous_10)
FN:62,(anonymous_12)
FN:66,(anonymous_14)
FNF:4
FNH:0
FNDA:0,(anonymous_8)
FNDA:0,(anonymous_10)
FNDA:0,(anonymous_12)
FNDA:0,(anonymous_14)
DA:1,3
DA:2,3
DA:3,3
DA:12,3
DA:14,0
DA:16,0
DA:17,0
DA:18,0
DA:20,0
DA:21,0
DA:22,0
DA:25,0
DA:26,0
DA:27,0
DA:29,0
DA:30,0
DA:33,0
DA:34,0
DA:35,0
DA:37,0
DA:38,0
DA:41,0
DA:48,0
DA:52,0
DA:53,0
DA:54,0
DA:55,0
DA:56,0
DA:57,0
DA:59,0
DA:63,0
DA:67,0
DA:68,0
LF:33
LH:4
BRDA:17,0,0,0
BRDA:21,1,0,0
BRDA:26,2,0,0
BRDA:29,3,0,0
BRDA:34,4,0,0
BRDA:37,5,0,0
BRDA:53,6,0,0
BRDA:53,7,0,0
BRDA:53,7,1,0
BRDA:53,8,0,0
BRDA:53,8,1,0
BRDA:55,9,0,0
BRDA:55,9,1,0
BRF:13
BRH:0
end_of_record
TN:
SF:src/services/party.service.ts
FN:7,(anonymous_8)
FN:16,(anonymous_10)
FN:41,(anonymous_11)
FN:52,(anonymous_13)
FN:56,(anonymous_15)
FN:61,(anonymous_17)
FN:83,(anonymous_18)
FNF:7
FNH:0
FNDA:0,(anonymous_8)
FNDA:0,(anonymous_10)
FNDA:0,(anonymous_11)
FNDA:0,(anonymous_13)
FNDA:0,(anonymous_15)
FNDA:0,(anonymous_17)
FNDA:0,(anonymous_18)
DA:2,3
DA:3,3
DA:4,3
DA:6,3
DA:8,0
DA:9,0
DA:10,0
DA:12,0
DA:13,0
DA:14,0
DA:16,0
DA:17,0
DA:18,0
DA:20,0
DA:21,0
DA:22,0
DA:23,0
DA:25,0
DA:26,0
DA:27,0
DA:31,0
DA:32,0
DA:34,0
DA:38,0
DA:42,0
DA:43,0
DA:44,0
DA:45,0
DA:46,0
DA:47,0
DA:49,0
DA:53,0
DA:57,0
DA:58,0
DA:59,0
DA:61,0
DA:62,0
DA:63,0
DA:65,0
DA:66,0
DA:67,0
DA:68,0
DA:70,0
DA:71,0
DA:72,0
DA:76,0
DA:77,0
DA:79,0
DA:80,0
DA:84,0
DA:85,0
LF:51
LH:4
BRDA:9,0,0,0
BRDA:13,1,0,0
BRDA:17,2,0,0
BRDA:20,3,0,0
BRDA:22,4,0,0
BRDA:26,5,0,0
BRDA:43,6,0,0
BRDA:43,7,0,0
BRDA:43,7,1,0
BRDA:43,8,0,0
BRDA:43,8,1,0
BRDA:45,9,0,0
BRDA:45,9,1,0
BRDA:58,10,0,0
BRDA:62,11,0,0
BRDA:65,12,0,0
BRDA:67,13,0,0
BRDA:71,14,0,0
BRF:18
BRH:0
end_of_record
TN:
SF:src/services/pokemon.services.ts
FN:18,(anonymous_8)
FN:33,(anonymous_10)
FN:33,(anonymous_11)
FN:38,(anonymous_12)
FN:42,(anonymous_13)
FN:58,(anonymous_14)
FN:62,(anonymous_16)
FN:76,(anonymous_18)
FNF:8
FNH:0
FNDA:0,(anonymous_8)
FNDA:0,(anonymous_10)
FNDA:0,(anonymous_11)
FNDA:0,(anonymous_12)
FNDA:0,(anonymous_13)
FNDA:0,(anonymous_14)
FNDA:0,(anonymous_16)
FNDA:0,(anonymous_18)
DA:2,3
DA:3,3
DA:4,3
DA:17,3
DA:19,0
DA:20,0
DA:21,0
DA:23,0
DA:24,0
DA:25,0
DA:30,0
DA:33,0
DA:34,0
DA:36,0
DA:37,0
DA:38,0
DA:39,0
DA:40,0
DA:41,0
DA:42,0
DA:46,0
DA:47,0
DA:48,0
DA:49,0
DA:50,0
DA:53,0
DA:59,0
DA:63,0
DA:64,0
DA:65,0
DA:66,0
DA:67,0
DA:69,0
DA:70,0
DA:72,0
DA:73,0
DA:77,0
DA:78,0
LF:38
LH:4
BRDA:20,0,0,0
BRDA:26,1,0,0
BRDA:26,1,1,0
BRDA:33,2,0,0
BRDA:36,3,0,0
BRDA:39,4,0,0
BRDA:39,4,1,0
BRDA:40,5,0,0
BRDA:40,5,1,0
BRDA:40,6,0,0
BRDA:40,6,1,0
BRDA:41,7,0,0
BRDA:41,8,0,0
BRDA:41,8,1,0
BRDA:42,9,0,0
BRDA:42,9,1,0
BRDA:42,10,0,0
BRDA:42,10,1,0
BRDA:42,11,0,0
BRDA:42,11,1,0
BRDA:42,12,0,0
BRDA:42,12,1,0
BRDA:46,13,0,0
BRDA:48,14,0,0
BRDA:48,14,1,0
BRDA:64,15,0,0
BRDA:65,16,0,0
BRDA:69,17,0,0
BRF:28
BRH:0
end_of_record
TN:
SF:src/services/treinador.service.ts
FN:10,(anonymous_8)
FN:15,(anonymous_10)
FN:26,(anonymous_12)
FN:30,(anonymous_14)
FN:37,(anonymous_16)
FNF:5
FNH:0
FNDA:0,(anonymous_8)
FNDA:0,(anonymous_10)
FNDA:0,(anonymous_12)
FNDA:0,(anonymous_14)
FNDA:0,(anonymous_16)
DA:2,3
DA:9,3
DA:11,0
DA:12,0
DA:16,0
DA:17,0
DA:18,0
DA:19,0
DA:20,0
DA:21,0
DA:23,0
DA:27,0
DA:31,0
DA:32,0
DA:33,0
DA:34,0
DA:38,0
DA:39,0
LF:18
LH:2
BRDA:17,0,0,0
BRDA:17,1,0,0
BRDA:17,1,1,0
BRDA:17,2,0,0
BRDA:17,2,1,0
BRDA:19,3,0,0
BRDA:19,3,1,0
BRDA:32,4,0,0
BRF:8
BRH:0
end_of_record
TN:
SF:src/utils/asynchandler.ts
FN:4,(anonymous_0)
FN:5,(anonymous_1)
FNF:2
FNH:1
FNDA:6,(anonymous_0)
FNDA:0,(anonymous_1)
DA:4,3
DA:5,6
DA:6,0
LF:3
LH:2
BRF:0
BRH:0
end_of_record
